ERROR 2025-03-31 11:28:30,604 log 8870 140615522186816 Internal Server Error: /
Traceback (most recent call last):
  File "/home/lindah/marketplace_dj/venv/lib/python3.10/site-packages/django/core/files/storage/handler.py", line 35, in __getitem__
    return self._storages[alias]
KeyError: 'staticfiles'

During handling of the above exception, another exception occurred:

Traceback (most recent call last):
  File "/home/lindah/marketplace_dj/venv/lib/python3.10/site-packages/django/core/files/storage/handler.py", line 52, in create_storage
    storage_cls = import_string(backend)
  File "/home/lindah/marketplace_dj/venv/lib/python3.10/site-packages/django/utils/module_loading.py", line 30, in import_string
    return cached_import(module_path, class_name)
  File "/home/lindah/marketplace_dj/venv/lib/python3.10/site-packages/django/utils/module_loading.py", line 15, in cached_import
    module = import_module(module_path)
  File "/usr/lib/python3.10/importlib/__init__.py", line 126, in import_module
    return _bootstrap._gcd_import(name[level:], package, level)
  File "<frozen importlib._bootstrap>", line 1050, in _gcd_import
  File "<frozen importlib._bootstrap>", line 1027, in _find_and_load
  File "<frozen importlib._bootstrap>", line 992, in _find_and_load_unlocked
  File "<frozen importlib._bootstrap>", line 241, in _call_with_frames_removed
  File "<frozen importlib._bootstrap>", line 1050, in _gcd_import
  File "<frozen importlib._bootstrap>", line 1027, in _find_and_load
  File "<frozen importlib._bootstrap>", line 1004, in _find_and_load_unlocked
ModuleNotFoundError: No module named 'whitenoise'

The above exception was the direct cause of the following exception:

Traceback (most recent call last):
  File "/home/lindah/marketplace_dj/venv/lib/python3.10/site-packages/django/core/handlers/exception.py", line 55, in inner
    response = get_response(request)
  File "/home/lindah/marketplace_dj/venv/lib/python3.10/site-packages/django/core/handlers/base.py", line 197, in _get_response
    response = wrapped_callback(request, *callback_args, **callback_kwargs)
  File "/home/lindah/marketplace_dj/puddle/core/views.py", line 36, in home
    return render(request, 'core/home.html', context)
  File "/home/lindah/marketplace_dj/venv/lib/python3.10/site-packages/django/shortcuts.py", line 25, in render
    content = loader.render_to_string(template_name, context, request, using=using)
  File "/home/lindah/marketplace_dj/venv/lib/python3.10/site-packages/django/template/loader.py", line 62, in render_to_string
    return template.render(context, request)
  File "/home/lindah/marketplace_dj/venv/lib/python3.10/site-packages/django/template/backends/django.py", line 61, in render
    return self.template.render(context)
  File "/home/lindah/marketplace_dj/venv/lib/python3.10/site-packages/django/template/base.py", line 171, in render
    return self._render(context)
  File "/home/lindah/marketplace_dj/venv/lib/python3.10/site-packages/django/template/base.py", line 163, in _render
    return self.nodelist.render(context)
  File "/home/lindah/marketplace_dj/venv/lib/python3.10/site-packages/django/template/base.py", line 1000, in render
    return SafeString("".join([node.render_annotated(context) for node in self]))
  File "/home/lindah/marketplace_dj/venv/lib/python3.10/site-packages/django/template/base.py", line 1000, in <listcomp>
    return SafeString("".join([node.render_annotated(context) for node in self]))
  File "/home/lindah/marketplace_dj/venv/lib/python3.10/site-packages/django/template/base.py", line 961, in render_annotated
    return self.render(context)
  File "/home/lindah/marketplace_dj/venv/lib/python3.10/site-packages/django/template/loader_tags.py", line 159, in render
    return compiled_parent._render(context)
  File "/home/lindah/marketplace_dj/venv/lib/python3.10/site-packages/django/template/base.py", line 163, in _render
    return self.nodelist.render(context)
  File "/home/lindah/marketplace_dj/venv/lib/python3.10/site-packages/django/template/base.py", line 1000, in render
    return SafeString("".join([node.render_annotated(context) for node in self]))
  File "/home/lindah/marketplace_dj/venv/lib/python3.10/site-packages/django/template/base.py", line 1000, in <listcomp>
    return SafeString("".join([node.render_annotated(context) for node in self]))
  File "/home/lindah/marketplace_dj/venv/lib/python3.10/site-packages/django/template/base.py", line 961, in render_annotated
    return self.render(context)
  File "/home/lindah/marketplace_dj/venv/lib/python3.10/site-packages/django/templatetags/static.py", line 116, in render
    url = self.url(context)
  File "/home/lindah/marketplace_dj/venv/lib/python3.10/site-packages/django/templatetags/static.py", line 113, in url
    return self.handle_simple(path)
  File "/home/lindah/marketplace_dj/venv/lib/python3.10/site-packages/django/templatetags/static.py", line 129, in handle_simple
    return staticfiles_storage.url(path)
  File "/home/lindah/marketplace_dj/venv/lib/python3.10/site-packages/django/utils/functional.py", line 251, in inner
    self._setup()
  File "/home/lindah/marketplace_dj/venv/lib/python3.10/site-packages/django/contrib/staticfiles/storage.py", line 540, in _setup
    self._wrapped = storages[STATICFILES_STORAGE_ALIAS]
  File "/home/lindah/marketplace_dj/venv/lib/python3.10/site-packages/django/core/files/storage/handler.py", line 43, in __getitem__
    storage = self.create_storage(params)
  File "/home/lindah/marketplace_dj/venv/lib/python3.10/site-packages/django/core/files/storage/handler.py", line 54, in create_storage
    raise InvalidStorageError(f"Could not find backend {backend!r}: {e}") from e
django.core.files.storage.handler.InvalidStorageError: Could not find backend 'whitenoise.storage.CompressedManifestStaticFilesStorage': No module named 'whitenoise'
ERROR 2025-03-31 11:28:30,649 log 8870 140615522186816 Internal Server Error: /
Traceback (most recent call last):
  File "/home/lindah/marketplace_dj/venv/lib/python3.10/site-packages/django/core/files/storage/handler.py", line 35, in __getitem__
    return self._storages[alias]
KeyError: 'staticfiles'

During handling of the above exception, another exception occurred:

Traceback (most recent call last):
  File "/home/lindah/marketplace_dj/venv/lib/python3.10/site-packages/django/core/files/storage/handler.py", line 52, in create_storage
    storage_cls = import_string(backend)
  File "/home/lindah/marketplace_dj/venv/lib/python3.10/site-packages/django/utils/module_loading.py", line 30, in import_string
    return cached_import(module_path, class_name)
  File "/home/lindah/marketplace_dj/venv/lib/python3.10/site-packages/django/utils/module_loading.py", line 15, in cached_import
    module = import_module(module_path)
  File "/usr/lib/python3.10/importlib/__init__.py", line 126, in import_module
    return _bootstrap._gcd_import(name[level:], package, level)
  File "<frozen importlib._bootstrap>", line 1050, in _gcd_import
  File "<frozen importlib._bootstrap>", line 1027, in _find_and_load
  File "<frozen importlib._bootstrap>", line 992, in _find_and_load_unlocked
  File "<frozen importlib._bootstrap>", line 241, in _call_with_frames_removed
  File "<frozen importlib._bootstrap>", line 1050, in _gcd_import
  File "<frozen importlib._bootstrap>", line 1027, in _find_and_load
  File "<frozen importlib._bootstrap>", line 1004, in _find_and_load_unlocked
ModuleNotFoundError: No module named 'whitenoise'

The above exception was the direct cause of the following exception:

Traceback (most recent call last):
  File "/home/lindah/marketplace_dj/venv/lib/python3.10/site-packages/django/core/handlers/exception.py", line 55, in inner
    response = get_response(request)
  File "/home/lindah/marketplace_dj/venv/lib/python3.10/site-packages/django_browser_reload/middleware.py", line 50, in __call__
    self.maybe_inject(response)
  File "/home/lindah/marketplace_dj/venv/lib/python3.10/site-packages/django_browser_reload/middleware.py", line 82, in maybe_inject
    response.content = head + django_browser_reload_script() + tag + tail
  File "/home/lindah/marketplace_dj/venv/lib/python3.10/site-packages/django_browser_reload/jinja.py", line 19, in django_browser_reload_script
    static("django-browser-reload/reload-listener.js"),
  File "/home/lindah/marketplace_dj/venv/lib/python3.10/site-packages/django/templatetags/static.py", line 179, in static
    return StaticNode.handle_simple(path)
  File "/home/lindah/marketplace_dj/venv/lib/python3.10/site-packages/django/templatetags/static.py", line 129, in handle_simple
    return staticfiles_storage.url(path)
  File "/home/lindah/marketplace_dj/venv/lib/python3.10/site-packages/django/utils/functional.py", line 251, in inner
    self._setup()
  File "/home/lindah/marketplace_dj/venv/lib/python3.10/site-packages/django/contrib/staticfiles/storage.py", line 540, in _setup
    self._wrapped = storages[STATICFILES_STORAGE_ALIAS]
  File "/home/lindah/marketplace_dj/venv/lib/python3.10/site-packages/django/core/files/storage/handler.py", line 43, in __getitem__
    storage = self.create_storage(params)
  File "/home/lindah/marketplace_dj/venv/lib/python3.10/site-packages/django/core/files/storage/handler.py", line 54, in create_storage
    raise InvalidStorageError(f"Could not find backend {backend!r}: {e}") from e
django.core.files.storage.handler.InvalidStorageError: Could not find backend 'whitenoise.storage.CompressedManifestStaticFilesStorage': No module named 'whitenoise'
ERROR 2025-03-31 11:28:30,652 basehttp 8870 140615522186816 "GET / HTTP/1.1" 500 146146
ERROR 2025-03-31 11:40:24,384 log 11133 140031819773504 Internal Server Error: /membership/
Traceback (most recent call last):
  File "/home/lindah/marketplace_dj/venv/lib/python3.10/site-packages/django/core/handlers/exception.py", line 55, in inner
    response = get_response(request)
  File "/home/lindah/marketplace_dj/venv/lib/python3.10/site-packages/django/core/handlers/base.py", line 197, in _get_response
    response = wrapped_callback(request, *callback_args, **callback_kwargs)
  File "/home/lindah/marketplace_dj/puddle/core/views.py", line 61, in membership
    return render(request, 'core/membership.html', context)
  File "/home/lindah/marketplace_dj/venv/lib/python3.10/site-packages/django/shortcuts.py", line 25, in render
    content = loader.render_to_string(template_name, context, request, using=using)
  File "/home/lindah/marketplace_dj/venv/lib/python3.10/site-packages/django/template/loader.py", line 62, in render_to_string
    return template.render(context, request)
  File "/home/lindah/marketplace_dj/venv/lib/python3.10/site-packages/django/template/backends/django.py", line 61, in render
    return self.template.render(context)
  File "/home/lindah/marketplace_dj/venv/lib/python3.10/site-packages/django/template/base.py", line 171, in render
    return self._render(context)
  File "/home/lindah/marketplace_dj/venv/lib/python3.10/site-packages/django/template/base.py", line 163, in _render
    return self.nodelist.render(context)
  File "/home/lindah/marketplace_dj/venv/lib/python3.10/site-packages/django/template/base.py", line 1000, in render
    return SafeString("".join([node.render_annotated(context) for node in self]))
  File "/home/lindah/marketplace_dj/venv/lib/python3.10/site-packages/django/template/base.py", line 1000, in <listcomp>
    return SafeString("".join([node.render_annotated(context) for node in self]))
  File "/home/lindah/marketplace_dj/venv/lib/python3.10/site-packages/django/template/base.py", line 961, in render_annotated
    return self.render(context)
  File "/home/lindah/marketplace_dj/venv/lib/python3.10/site-packages/django/template/loader_tags.py", line 159, in render
    return compiled_parent._render(context)
  File "/home/lindah/marketplace_dj/venv/lib/python3.10/site-packages/django/template/base.py", line 163, in _render
    return self.nodelist.render(context)
  File "/home/lindah/marketplace_dj/venv/lib/python3.10/site-packages/django/template/base.py", line 1000, in render
    return SafeString("".join([node.render_annotated(context) for node in self]))
  File "/home/lindah/marketplace_dj/venv/lib/python3.10/site-packages/django/template/base.py", line 1000, in <listcomp>
    return SafeString("".join([node.render_annotated(context) for node in self]))
  File "/home/lindah/marketplace_dj/venv/lib/python3.10/site-packages/django/template/base.py", line 961, in render_annotated
    return self.render(context)
  File "/home/lindah/marketplace_dj/venv/lib/python3.10/site-packages/django/template/loader_tags.py", line 65, in render
    result = block.nodelist.render(context)
  File "/home/lindah/marketplace_dj/venv/lib/python3.10/site-packages/django/template/base.py", line 1000, in render
    return SafeString("".join([node.render_annotated(context) for node in self]))
  File "/home/lindah/marketplace_dj/venv/lib/python3.10/site-packages/django/template/base.py", line 1000, in <listcomp>
    return SafeString("".join([node.render_annotated(context) for node in self]))
  File "/home/lindah/marketplace_dj/venv/lib/python3.10/site-packages/django/template/base.py", line 961, in render_annotated
    return self.render(context)
  File "/home/lindah/marketplace_dj/venv/lib/python3.10/site-packages/django/template/defaulttags.py", line 479, in render
    url = reverse(view_name, args=args, kwargs=kwargs, current_app=current_app)
  File "/home/lindah/marketplace_dj/venv/lib/python3.10/site-packages/django/urls/base.py", line 88, in reverse
    return resolver._reverse_with_prefix(view, prefix, *args, **kwargs)
  File "/home/lindah/marketplace_dj/venv/lib/python3.10/site-packages/django/urls/resolvers.py", line 851, in _reverse_with_prefix
    raise NoReverseMatch(msg)
django.urls.exceptions.NoReverseMatch: Reverse for 'process_membership' not found. 'process_membership' is not a valid view function or pattern name.
ERROR 2025-03-31 11:40:24,386 basehttp 11133 140031819773504 "GET /membership/ HTTP/1.1" 500 179768
ERROR 2025-03-31 11:57:20,551 log 15193 140255876347456 Internal Server Error: /store/
Traceback (most recent call last):
  File "/home/lindah/marketplace_dj/venv/lib/python3.10/site-packages/django/core/handlers/exception.py", line 55, in inner
    response = get_response(request)
  File "/home/lindah/marketplace_dj/venv/lib/python3.10/site-packages/django/core/handlers/base.py", line 197, in _get_response
    response = wrapped_callback(request, *callback_args, **callback_kwargs)
  File "/home/lindah/marketplace_dj/puddle/core/views.py", line 538, in store
    products = Product.objects.filter(is_active=True)
  File "/home/lindah/marketplace_dj/venv/lib/python3.10/site-packages/django/db/models/manager.py", line 87, in manager_method
    return getattr(self.get_queryset(), name)(*args, **kwargs)
  File "/home/lindah/marketplace_dj/venv/lib/python3.10/site-packages/django/db/models/query.py", line 1476, in filter
    return self._filter_or_exclude(False, args, kwargs)
  File "/home/lindah/marketplace_dj/venv/lib/python3.10/site-packages/django/db/models/query.py", line 1494, in _filter_or_exclude
    clone._filter_or_exclude_inplace(negate, args, kwargs)
  File "/home/lindah/marketplace_dj/venv/lib/python3.10/site-packages/django/db/models/query.py", line 1501, in _filter_or_exclude_inplace
    self._query.add_q(Q(*args, **kwargs))
  File "/home/lindah/marketplace_dj/venv/lib/python3.10/site-packages/django/db/models/sql/query.py", line 1613, in add_q
    clause, _ = self._add_q(q_object, self.used_aliases)
  File "/home/lindah/marketplace_dj/venv/lib/python3.10/site-packages/django/db/models/sql/query.py", line 1645, in _add_q
    child_clause, needed_inner = self.build_filter(
  File "/home/lindah/marketplace_dj/venv/lib/python3.10/site-packages/django/db/models/sql/query.py", line 1495, in build_filter
    lookups, parts, reffed_expression = self.solve_lookup_type(arg, summarize)
  File "/home/lindah/marketplace_dj/venv/lib/python3.10/site-packages/django/db/models/sql/query.py", line 1307, in solve_lookup_type
    _, field, _, lookup_parts = self.names_to_path(lookup_splitted, self.get_meta())
  File "/home/lindah/marketplace_dj/venv/lib/python3.10/site-packages/django/db/models/sql/query.py", line 1772, in names_to_path
    raise FieldError(
django.core.exceptions.FieldError: Cannot resolve keyword 'is_active' into field. Choices are: cartitem, created_at, description, id, image, name, orderitem, price, slug, stock, updated_at
ERROR 2025-03-31 11:57:20,552 basehttp 15193 140255876347456 "GET /store/ HTTP/1.1" 500 126189
ERROR 2025-03-31 11:57:22,861 log 15193 140255876347456 Internal Server Error: /store/
Traceback (most recent call last):
  File "/home/lindah/marketplace_dj/venv/lib/python3.10/site-packages/django/core/handlers/exception.py", line 55, in inner
    response = get_response(request)
  File "/home/lindah/marketplace_dj/venv/lib/python3.10/site-packages/django/core/handlers/base.py", line 197, in _get_response
    response = wrapped_callback(request, *callback_args, **callback_kwargs)
  File "/home/lindah/marketplace_dj/puddle/core/views.py", line 538, in store
    products = Product.objects.filter(is_active=True)
  File "/home/lindah/marketplace_dj/venv/lib/python3.10/site-packages/django/db/models/manager.py", line 87, in manager_method
    return getattr(self.get_queryset(), name)(*args, **kwargs)
  File "/home/lindah/marketplace_dj/venv/lib/python3.10/site-packages/django/db/models/query.py", line 1476, in filter
    return self._filter_or_exclude(False, args, kwargs)
  File "/home/lindah/marketplace_dj/venv/lib/python3.10/site-packages/django/db/models/query.py", line 1494, in _filter_or_exclude
    clone._filter_or_exclude_inplace(negate, args, kwargs)
  File "/home/lindah/marketplace_dj/venv/lib/python3.10/site-packages/django/db/models/query.py", line 1501, in _filter_or_exclude_inplace
    self._query.add_q(Q(*args, **kwargs))
  File "/home/lindah/marketplace_dj/venv/lib/python3.10/site-packages/django/db/models/sql/query.py", line 1613, in add_q
    clause, _ = self._add_q(q_object, self.used_aliases)
  File "/home/lindah/marketplace_dj/venv/lib/python3.10/site-packages/django/db/models/sql/query.py", line 1645, in _add_q
    child_clause, needed_inner = self.build_filter(
  File "/home/lindah/marketplace_dj/venv/lib/python3.10/site-packages/django/db/models/sql/query.py", line 1495, in build_filter
    lookups, parts, reffed_expression = self.solve_lookup_type(arg, summarize)
  File "/home/lindah/marketplace_dj/venv/lib/python3.10/site-packages/django/db/models/sql/query.py", line 1307, in solve_lookup_type
    _, field, _, lookup_parts = self.names_to_path(lookup_splitted, self.get_meta())
  File "/home/lindah/marketplace_dj/venv/lib/python3.10/site-packages/django/db/models/sql/query.py", line 1772, in names_to_path
    raise FieldError(
django.core.exceptions.FieldError: Cannot resolve keyword 'is_active' into field. Choices are: cartitem, created_at, description, id, image, name, orderitem, price, slug, stock, updated_at
ERROR 2025-03-31 11:57:22,863 basehttp 15193 140255876347456 "GET /store/ HTTP/1.1" 500 126326
ERROR 2025-03-31 11:57:52,497 log 15193 140255867954752 Internal Server Error: /store/
Traceback (most recent call last):
  File "/home/lindah/marketplace_dj/venv/lib/python3.10/site-packages/django/core/handlers/exception.py", line 55, in inner
    response = get_response(request)
  File "/home/lindah/marketplace_dj/venv/lib/python3.10/site-packages/django/core/handlers/base.py", line 197, in _get_response
    response = wrapped_callback(request, *callback_args, **callback_kwargs)
  File "/home/lindah/marketplace_dj/puddle/core/views.py", line 538, in store
    products = Product.objects.filter(is_active=True)
  File "/home/lindah/marketplace_dj/venv/lib/python3.10/site-packages/django/db/models/manager.py", line 87, in manager_method
    return getattr(self.get_queryset(), name)(*args, **kwargs)
  File "/home/lindah/marketplace_dj/venv/lib/python3.10/site-packages/django/db/models/query.py", line 1476, in filter
    return self._filter_or_exclude(False, args, kwargs)
  File "/home/lindah/marketplace_dj/venv/lib/python3.10/site-packages/django/db/models/query.py", line 1494, in _filter_or_exclude
    clone._filter_or_exclude_inplace(negate, args, kwargs)
  File "/home/lindah/marketplace_dj/venv/lib/python3.10/site-packages/django/db/models/query.py", line 1501, in _filter_or_exclude_inplace
    self._query.add_q(Q(*args, **kwargs))
  File "/home/lindah/marketplace_dj/venv/lib/python3.10/site-packages/django/db/models/sql/query.py", line 1613, in add_q
    clause, _ = self._add_q(q_object, self.used_aliases)
  File "/home/lindah/marketplace_dj/venv/lib/python3.10/site-packages/django/db/models/sql/query.py", line 1645, in _add_q
    child_clause, needed_inner = self.build_filter(
  File "/home/lindah/marketplace_dj/venv/lib/python3.10/site-packages/django/db/models/sql/query.py", line 1495, in build_filter
    lookups, parts, reffed_expression = self.solve_lookup_type(arg, summarize)
  File "/home/lindah/marketplace_dj/venv/lib/python3.10/site-packages/django/db/models/sql/query.py", line 1307, in solve_lookup_type
    _, field, _, lookup_parts = self.names_to_path(lookup_splitted, self.get_meta())
  File "/home/lindah/marketplace_dj/venv/lib/python3.10/site-packages/django/db/models/sql/query.py", line 1772, in names_to_path
    raise FieldError(
django.core.exceptions.FieldError: Cannot resolve keyword 'is_active' into field. Choices are: cartitem, created_at, description, id, image, name, orderitem, price, slug, stock, updated_at
ERROR 2025-03-31 11:57:52,499 basehttp 15193 140255867954752 "GET /store/ HTTP/1.1" 500 126185
ERROR 2025-03-31 11:58:23,504 log 15522 139650777736768 Internal Server Error: /store/
Traceback (most recent call last):
  File "/home/lindah/marketplace_dj/venv/lib/python3.10/site-packages/django/core/handlers/exception.py", line 55, in inner
    response = get_response(request)
  File "/home/lindah/marketplace_dj/venv/lib/python3.10/site-packages/django/core/handlers/base.py", line 197, in _get_response
    response = wrapped_callback(request, *callback_args, **callback_kwargs)
  File "/home/lindah/marketplace_dj/puddle/core/views.py", line 538, in store
    products = Product.objects.filter(is_active=True)
  File "/home/lindah/marketplace_dj/venv/lib/python3.10/site-packages/django/db/models/manager.py", line 87, in manager_method
    return getattr(self.get_queryset(), name)(*args, **kwargs)
  File "/home/lindah/marketplace_dj/venv/lib/python3.10/site-packages/django/db/models/query.py", line 1476, in filter
    return self._filter_or_exclude(False, args, kwargs)
  File "/home/lindah/marketplace_dj/venv/lib/python3.10/site-packages/django/db/models/query.py", line 1494, in _filter_or_exclude
    clone._filter_or_exclude_inplace(negate, args, kwargs)
  File "/home/lindah/marketplace_dj/venv/lib/python3.10/site-packages/django/db/models/query.py", line 1501, in _filter_or_exclude_inplace
    self._query.add_q(Q(*args, **kwargs))
  File "/home/lindah/marketplace_dj/venv/lib/python3.10/site-packages/django/db/models/sql/query.py", line 1613, in add_q
    clause, _ = self._add_q(q_object, self.used_aliases)
  File "/home/lindah/marketplace_dj/venv/lib/python3.10/site-packages/django/db/models/sql/query.py", line 1645, in _add_q
    child_clause, needed_inner = self.build_filter(
  File "/home/lindah/marketplace_dj/venv/lib/python3.10/site-packages/django/db/models/sql/query.py", line 1495, in build_filter
    lookups, parts, reffed_expression = self.solve_lookup_type(arg, summarize)
  File "/home/lindah/marketplace_dj/venv/lib/python3.10/site-packages/django/db/models/sql/query.py", line 1307, in solve_lookup_type
    _, field, _, lookup_parts = self.names_to_path(lookup_splitted, self.get_meta())
  File "/home/lindah/marketplace_dj/venv/lib/python3.10/site-packages/django/db/models/sql/query.py", line 1772, in names_to_path
    raise FieldError(
django.core.exceptions.FieldError: Cannot resolve keyword 'is_active' into field. Choices are: cartitem, created_at, description, id, image, name, orderitem, price, slug, stock, updated_at
ERROR 2025-03-31 11:58:23,522 basehttp 15522 139650777736768 "GET /store/ HTTP/1.1" 500 126190
ERROR 2025-03-31 12:01:09,174 log 15940 139905502012992 Internal Server Error: /store/
Traceback (most recent call last):
  File "/home/lindah/marketplace_dj/venv/lib/python3.10/site-packages/django/core/handlers/exception.py", line 55, in inner
    response = get_response(request)
  File "/home/lindah/marketplace_dj/venv/lib/python3.10/site-packages/django/core/handlers/base.py", line 197, in _get_response
    response = wrapped_callback(request, *callback_args, **callback_kwargs)
  File "/home/lindah/marketplace_dj/puddle/core/views.py", line 554, in store
    featured_products = Product.objects.filter(is_active=True, featured=True)[:3]
  File "/home/lindah/marketplace_dj/venv/lib/python3.10/site-packages/django/db/models/manager.py", line 87, in manager_method
    return getattr(self.get_queryset(), name)(*args, **kwargs)
  File "/home/lindah/marketplace_dj/venv/lib/python3.10/site-packages/django/db/models/query.py", line 1476, in filter
    return self._filter_or_exclude(False, args, kwargs)
  File "/home/lindah/marketplace_dj/venv/lib/python3.10/site-packages/django/db/models/query.py", line 1494, in _filter_or_exclude
    clone._filter_or_exclude_inplace(negate, args, kwargs)
  File "/home/lindah/marketplace_dj/venv/lib/python3.10/site-packages/django/db/models/query.py", line 1501, in _filter_or_exclude_inplace
    self._query.add_q(Q(*args, **kwargs))
  File "/home/lindah/marketplace_dj/venv/lib/python3.10/site-packages/django/db/models/sql/query.py", line 1613, in add_q
    clause, _ = self._add_q(q_object, self.used_aliases)
  File "/home/lindah/marketplace_dj/venv/lib/python3.10/site-packages/django/db/models/sql/query.py", line 1645, in _add_q
    child_clause, needed_inner = self.build_filter(
  File "/home/lindah/marketplace_dj/venv/lib/python3.10/site-packages/django/db/models/sql/query.py", line 1495, in build_filter
    lookups, parts, reffed_expression = self.solve_lookup_type(arg, summarize)
  File "/home/lindah/marketplace_dj/venv/lib/python3.10/site-packages/django/db/models/sql/query.py", line 1307, in solve_lookup_type
    _, field, _, lookup_parts = self.names_to_path(lookup_splitted, self.get_meta())
  File "/home/lindah/marketplace_dj/venv/lib/python3.10/site-packages/django/db/models/sql/query.py", line 1772, in names_to_path
    raise FieldError(
django.core.exceptions.FieldError: Cannot resolve keyword 'featured' into field. Choices are: cartitem, created_at, description, id, image, is_active, name, orderitem, price, slug, stock, updated_at
ERROR 2025-03-31 12:01:09,178 basehttp 15940 139905502012992 "GET /store/ HTTP/1.1" 500 127097
ERROR 2025-03-31 12:01:27,596 log 16108 139755350128192 Internal Server Error: /store/
Traceback (most recent call last):
  File "/home/lindah/marketplace_dj/venv/lib/python3.10/site-packages/django/core/handlers/exception.py", line 55, in inner
    response = get_response(request)
  File "/home/lindah/marketplace_dj/venv/lib/python3.10/site-packages/django/core/handlers/base.py", line 197, in _get_response
    response = wrapped_callback(request, *callback_args, **callback_kwargs)
  File "/home/lindah/marketplace_dj/puddle/core/views.py", line 554, in store
    featured_products = Product.objects.filter(is_active=True, featured=True)[:3]
  File "/home/lindah/marketplace_dj/venv/lib/python3.10/site-packages/django/db/models/manager.py", line 87, in manager_method
    return getattr(self.get_queryset(), name)(*args, **kwargs)
  File "/home/lindah/marketplace_dj/venv/lib/python3.10/site-packages/django/db/models/query.py", line 1476, in filter
    return self._filter_or_exclude(False, args, kwargs)
  File "/home/lindah/marketplace_dj/venv/lib/python3.10/site-packages/django/db/models/query.py", line 1494, in _filter_or_exclude
    clone._filter_or_exclude_inplace(negate, args, kwargs)
  File "/home/lindah/marketplace_dj/venv/lib/python3.10/site-packages/django/db/models/query.py", line 1501, in _filter_or_exclude_inplace
    self._query.add_q(Q(*args, **kwargs))
  File "/home/lindah/marketplace_dj/venv/lib/python3.10/site-packages/django/db/models/sql/query.py", line 1613, in add_q
    clause, _ = self._add_q(q_object, self.used_aliases)
  File "/home/lindah/marketplace_dj/venv/lib/python3.10/site-packages/django/db/models/sql/query.py", line 1645, in _add_q
    child_clause, needed_inner = self.build_filter(
  File "/home/lindah/marketplace_dj/venv/lib/python3.10/site-packages/django/db/models/sql/query.py", line 1495, in build_filter
    lookups, parts, reffed_expression = self.solve_lookup_type(arg, summarize)
  File "/home/lindah/marketplace_dj/venv/lib/python3.10/site-packages/django/db/models/sql/query.py", line 1307, in solve_lookup_type
    _, field, _, lookup_parts = self.names_to_path(lookup_splitted, self.get_meta())
  File "/home/lindah/marketplace_dj/venv/lib/python3.10/site-packages/django/db/models/sql/query.py", line 1772, in names_to_path
    raise FieldError(
django.core.exceptions.FieldError: Cannot resolve keyword 'featured' into field. Choices are: cartitem, created_at, description, id, image, is_active, name, orderitem, price, slug, stock, updated_at
ERROR 2025-03-31 12:01:27,614 basehttp 16108 139755350128192 "GET /store/ HTTP/1.1" 500 127102
ERROR 2025-03-31 12:01:32,622 log 16154 139763923281472 Internal Server Error: /store/
Traceback (most recent call last):
  File "/home/lindah/marketplace_dj/venv/lib/python3.10/site-packages/django/core/handlers/exception.py", line 55, in inner
    response = get_response(request)
  File "/home/lindah/marketplace_dj/venv/lib/python3.10/site-packages/django/core/handlers/base.py", line 197, in _get_response
    response = wrapped_callback(request, *callback_args, **callback_kwargs)
  File "/home/lindah/marketplace_dj/puddle/core/views.py", line 554, in store
    featured_products = Product.objects.filter(is_active=True, featured=True)[:3]
  File "/home/lindah/marketplace_dj/venv/lib/python3.10/site-packages/django/db/models/manager.py", line 87, in manager_method
    return getattr(self.get_queryset(), name)(*args, **kwargs)
  File "/home/lindah/marketplace_dj/venv/lib/python3.10/site-packages/django/db/models/query.py", line 1476, in filter
    return self._filter_or_exclude(False, args, kwargs)
  File "/home/lindah/marketplace_dj/venv/lib/python3.10/site-packages/django/db/models/query.py", line 1494, in _filter_or_exclude
    clone._filter_or_exclude_inplace(negate, args, kwargs)
  File "/home/lindah/marketplace_dj/venv/lib/python3.10/site-packages/django/db/models/query.py", line 1501, in _filter_or_exclude_inplace
    self._query.add_q(Q(*args, **kwargs))
  File "/home/lindah/marketplace_dj/venv/lib/python3.10/site-packages/django/db/models/sql/query.py", line 1613, in add_q
    clause, _ = self._add_q(q_object, self.used_aliases)
  File "/home/lindah/marketplace_dj/venv/lib/python3.10/site-packages/django/db/models/sql/query.py", line 1645, in _add_q
    child_clause, needed_inner = self.build_filter(
  File "/home/lindah/marketplace_dj/venv/lib/python3.10/site-packages/django/db/models/sql/query.py", line 1495, in build_filter
    lookups, parts, reffed_expression = self.solve_lookup_type(arg, summarize)
  File "/home/lindah/marketplace_dj/venv/lib/python3.10/site-packages/django/db/models/sql/query.py", line 1307, in solve_lookup_type
    _, field, _, lookup_parts = self.names_to_path(lookup_splitted, self.get_meta())
  File "/home/lindah/marketplace_dj/venv/lib/python3.10/site-packages/django/db/models/sql/query.py", line 1772, in names_to_path
    raise FieldError(
django.core.exceptions.FieldError: Cannot resolve keyword 'featured' into field. Choices are: cartitem, created_at, description, id, image, is_active, name, orderitem, price, slug, stock, updated_at
ERROR 2025-03-31 12:01:32,641 basehttp 16154 139763923281472 "GET /store/ HTTP/1.1" 500 127102
ERROR 2025-03-31 12:01:35,273 log 16154 139763931674176 Internal Server Error: /store/
Traceback (most recent call last):
  File "/home/lindah/marketplace_dj/venv/lib/python3.10/site-packages/django/core/handlers/exception.py", line 55, in inner
    response = get_response(request)
  File "/home/lindah/marketplace_dj/venv/lib/python3.10/site-packages/django/core/handlers/base.py", line 197, in _get_response
    response = wrapped_callback(request, *callback_args, **callback_kwargs)
  File "/home/lindah/marketplace_dj/puddle/core/views.py", line 554, in store
    featured_products = Product.objects.filter(is_active=True, featured=True)[:3]
  File "/home/lindah/marketplace_dj/venv/lib/python3.10/site-packages/django/db/models/manager.py", line 87, in manager_method
    return getattr(self.get_queryset(), name)(*args, **kwargs)
  File "/home/lindah/marketplace_dj/venv/lib/python3.10/site-packages/django/db/models/query.py", line 1476, in filter
    return self._filter_or_exclude(False, args, kwargs)
  File "/home/lindah/marketplace_dj/venv/lib/python3.10/site-packages/django/db/models/query.py", line 1494, in _filter_or_exclude
    clone._filter_or_exclude_inplace(negate, args, kwargs)
  File "/home/lindah/marketplace_dj/venv/lib/python3.10/site-packages/django/db/models/query.py", line 1501, in _filter_or_exclude_inplace
    self._query.add_q(Q(*args, **kwargs))
  File "/home/lindah/marketplace_dj/venv/lib/python3.10/site-packages/django/db/models/sql/query.py", line 1613, in add_q
    clause, _ = self._add_q(q_object, self.used_aliases)
  File "/home/lindah/marketplace_dj/venv/lib/python3.10/site-packages/django/db/models/sql/query.py", line 1645, in _add_q
    child_clause, needed_inner = self.build_filter(
  File "/home/lindah/marketplace_dj/venv/lib/python3.10/site-packages/django/db/models/sql/query.py", line 1495, in build_filter
    lookups, parts, reffed_expression = self.solve_lookup_type(arg, summarize)
  File "/home/lindah/marketplace_dj/venv/lib/python3.10/site-packages/django/db/models/sql/query.py", line 1307, in solve_lookup_type
    _, field, _, lookup_parts = self.names_to_path(lookup_splitted, self.get_meta())
  File "/home/lindah/marketplace_dj/venv/lib/python3.10/site-packages/django/db/models/sql/query.py", line 1772, in names_to_path
    raise FieldError(
django.core.exceptions.FieldError: Cannot resolve keyword 'featured' into field. Choices are: cartitem, created_at, description, id, image, is_active, name, orderitem, price, slug, stock, updated_at
ERROR 2025-03-31 12:01:35,275 basehttp 16154 139763931674176 "GET /store/ HTTP/1.1" 500 127233
ERROR 2025-03-31 12:02:40,234 log 16387 139759400773184 Internal Server Error: /store/
Traceback (most recent call last):
  File "/home/lindah/marketplace_dj/venv/lib/python3.10/site-packages/django/db/backends/utils.py", line 105, in _execute
    return self.cursor.execute(sql, params)
  File "/home/lindah/marketplace_dj/venv/lib/python3.10/site-packages/django/db/backends/sqlite3/base.py", line 329, in execute
    return super().execute(query, params)
sqlite3.OperationalError: no such column: core_product.featured

The above exception was the direct cause of the following exception:

Traceback (most recent call last):
  File "/home/lindah/marketplace_dj/venv/lib/python3.10/site-packages/django/core/handlers/exception.py", line 55, in inner
    response = get_response(request)
  File "/home/lindah/marketplace_dj/venv/lib/python3.10/site-packages/django/core/handlers/base.py", line 197, in _get_response
    response = wrapped_callback(request, *callback_args, **callback_kwargs)
  File "/home/lindah/marketplace_dj/puddle/core/views.py", line 561, in store
    return render(request, 'core/store.html', context)
  File "/home/lindah/marketplace_dj/venv/lib/python3.10/site-packages/django/shortcuts.py", line 25, in render
    content = loader.render_to_string(template_name, context, request, using=using)
  File "/home/lindah/marketplace_dj/venv/lib/python3.10/site-packages/django/template/loader.py", line 62, in render_to_string
    return template.render(context, request)
  File "/home/lindah/marketplace_dj/venv/lib/python3.10/site-packages/django/template/backends/django.py", line 61, in render
    return self.template.render(context)
  File "/home/lindah/marketplace_dj/venv/lib/python3.10/site-packages/django/template/base.py", line 171, in render
    return self._render(context)
  File "/home/lindah/marketplace_dj/venv/lib/python3.10/site-packages/django/template/base.py", line 163, in _render
    return self.nodelist.render(context)
  File "/home/lindah/marketplace_dj/venv/lib/python3.10/site-packages/django/template/base.py", line 1000, in render
    return SafeString("".join([node.render_annotated(context) for node in self]))
  File "/home/lindah/marketplace_dj/venv/lib/python3.10/site-packages/django/template/base.py", line 1000, in <listcomp>
    return SafeString("".join([node.render_annotated(context) for node in self]))
  File "/home/lindah/marketplace_dj/venv/lib/python3.10/site-packages/django/template/base.py", line 961, in render_annotated
    return self.render(context)
  File "/home/lindah/marketplace_dj/venv/lib/python3.10/site-packages/django/template/loader_tags.py", line 159, in render
    return compiled_parent._render(context)
  File "/home/lindah/marketplace_dj/venv/lib/python3.10/site-packages/django/template/base.py", line 163, in _render
    return self.nodelist.render(context)
  File "/home/lindah/marketplace_dj/venv/lib/python3.10/site-packages/django/template/base.py", line 1000, in render
    return SafeString("".join([node.render_annotated(context) for node in self]))
  File "/home/lindah/marketplace_dj/venv/lib/python3.10/site-packages/django/template/base.py", line 1000, in <listcomp>
    return SafeString("".join([node.render_annotated(context) for node in self]))
  File "/home/lindah/marketplace_dj/venv/lib/python3.10/site-packages/django/template/base.py", line 961, in render_annotated
    return self.render(context)
  File "/home/lindah/marketplace_dj/venv/lib/python3.10/site-packages/django/template/loader_tags.py", line 65, in render
    result = block.nodelist.render(context)
  File "/home/lindah/marketplace_dj/venv/lib/python3.10/site-packages/django/template/base.py", line 1000, in render
    return SafeString("".join([node.render_annotated(context) for node in self]))
  File "/home/lindah/marketplace_dj/venv/lib/python3.10/site-packages/django/template/base.py", line 1000, in <listcomp>
    return SafeString("".join([node.render_annotated(context) for node in self]))
  File "/home/lindah/marketplace_dj/venv/lib/python3.10/site-packages/django/template/base.py", line 961, in render_annotated
    return self.render(context)
  File "/home/lindah/marketplace_dj/venv/lib/python3.10/site-packages/django/template/defaulttags.py", line 325, in render
    if match:
  File "/home/lindah/marketplace_dj/venv/lib/python3.10/site-packages/django/db/models/query.py", line 414, in __bool__
    self._fetch_all()
  File "/home/lindah/marketplace_dj/venv/lib/python3.10/site-packages/django/db/models/query.py", line 1928, in _fetch_all
    self._result_cache = list(self._iterable_class(self))
  File "/home/lindah/marketplace_dj/venv/lib/python3.10/site-packages/django/db/models/query.py", line 91, in __iter__
    results = compiler.execute_sql(
  File "/home/lindah/marketplace_dj/venv/lib/python3.10/site-packages/django/db/models/sql/compiler.py", line 1562, in execute_sql
    cursor.execute(sql, params)
  File "/home/lindah/marketplace_dj/venv/lib/python3.10/site-packages/django/db/backends/utils.py", line 122, in execute
    return super().execute(sql, params)
  File "/home/lindah/marketplace_dj/venv/lib/python3.10/site-packages/django/db/backends/utils.py", line 79, in execute
    return self._execute_with_wrappers(
  File "/home/lindah/marketplace_dj/venv/lib/python3.10/site-packages/django/db/backends/utils.py", line 92, in _execute_with_wrappers
    return executor(sql, params, many, context)
  File "/home/lindah/marketplace_dj/venv/lib/python3.10/site-packages/django/db/backends/utils.py", line 100, in _execute
    with self.db.wrap_database_errors:
  File "/home/lindah/marketplace_dj/venv/lib/python3.10/site-packages/django/db/utils.py", line 91, in __exit__
    raise dj_exc_value.with_traceback(traceback) from exc_value
  File "/home/lindah/marketplace_dj/venv/lib/python3.10/site-packages/django/db/backends/utils.py", line 105, in _execute
    return self.cursor.execute(sql, params)
  File "/home/lindah/marketplace_dj/venv/lib/python3.10/site-packages/django/db/backends/sqlite3/base.py", line 329, in execute
    return super().execute(query, params)
django.db.utils.OperationalError: no such column: core_product.featured
ERROR 2025-03-31 12:02:40,238 basehttp 16387 139759400773184 "GET /store/ HTTP/1.1" 500 236772
ERROR 2025-03-31 12:03:45,918 log 16570 140021486052928 Internal Server Error: /store/
Traceback (most recent call last):
  File "/home/lindah/marketplace_dj/venv/lib/python3.10/site-packages/django/core/handlers/exception.py", line 55, in inner
    response = get_response(request)
  File "/home/lindah/marketplace_dj/venv/lib/python3.10/site-packages/django/core/handlers/base.py", line 197, in _get_response
    response = wrapped_callback(request, *callback_args, **callback_kwargs)
  File "/home/lindah/marketplace_dj/puddle/core/views.py", line 561, in store
    return render(request, 'core/store.html', context)
  File "/home/lindah/marketplace_dj/venv/lib/python3.10/site-packages/django/shortcuts.py", line 25, in render
    content = loader.render_to_string(template_name, context, request, using=using)
  File "/home/lindah/marketplace_dj/venv/lib/python3.10/site-packages/django/template/loader.py", line 62, in render_to_string
    return template.render(context, request)
  File "/home/lindah/marketplace_dj/venv/lib/python3.10/site-packages/django/template/backends/django.py", line 61, in render
    return self.template.render(context)
  File "/home/lindah/marketplace_dj/venv/lib/python3.10/site-packages/django/template/base.py", line 171, in render
    return self._render(context)
  File "/home/lindah/marketplace_dj/venv/lib/python3.10/site-packages/django/template/base.py", line 163, in _render
    return self.nodelist.render(context)
  File "/home/lindah/marketplace_dj/venv/lib/python3.10/site-packages/django/template/base.py", line 1000, in render
    return SafeString("".join([node.render_annotated(context) for node in self]))
  File "/home/lindah/marketplace_dj/venv/lib/python3.10/site-packages/django/template/base.py", line 1000, in <listcomp>
    return SafeString("".join([node.render_annotated(context) for node in self]))
  File "/home/lindah/marketplace_dj/venv/lib/python3.10/site-packages/django/template/base.py", line 961, in render_annotated
    return self.render(context)
  File "/home/lindah/marketplace_dj/venv/lib/python3.10/site-packages/django/template/loader_tags.py", line 159, in render
    return compiled_parent._render(context)
  File "/home/lindah/marketplace_dj/venv/lib/python3.10/site-packages/django/template/base.py", line 163, in _render
    return self.nodelist.render(context)
  File "/home/lindah/marketplace_dj/venv/lib/python3.10/site-packages/django/template/base.py", line 1000, in render
    return SafeString("".join([node.render_annotated(context) for node in self]))
  File "/home/lindah/marketplace_dj/venv/lib/python3.10/site-packages/django/template/base.py", line 1000, in <listcomp>
    return SafeString("".join([node.render_annotated(context) for node in self]))
  File "/home/lindah/marketplace_dj/venv/lib/python3.10/site-packages/django/template/base.py", line 961, in render_annotated
    return self.render(context)
  File "/home/lindah/marketplace_dj/venv/lib/python3.10/site-packages/django/template/loader_tags.py", line 65, in render
    result = block.nodelist.render(context)
  File "/home/lindah/marketplace_dj/venv/lib/python3.10/site-packages/django/template/base.py", line 1000, in render
    return SafeString("".join([node.render_annotated(context) for node in self]))
  File "/home/lindah/marketplace_dj/venv/lib/python3.10/site-packages/django/template/base.py", line 1000, in <listcomp>
    return SafeString("".join([node.render_annotated(context) for node in self]))
  File "/home/lindah/marketplace_dj/venv/lib/python3.10/site-packages/django/template/base.py", line 961, in render_annotated
    return self.render(context)
  File "/home/lindah/marketplace_dj/venv/lib/python3.10/site-packages/django/template/defaulttags.py", line 326, in render
    return nodelist.render(context)
  File "/home/lindah/marketplace_dj/venv/lib/python3.10/site-packages/django/template/base.py", line 1000, in render
    return SafeString("".join([node.render_annotated(context) for node in self]))
  File "/home/lindah/marketplace_dj/venv/lib/python3.10/site-packages/django/template/base.py", line 1000, in <listcomp>
    return SafeString("".join([node.render_annotated(context) for node in self]))
  File "/home/lindah/marketplace_dj/venv/lib/python3.10/site-packages/django/template/base.py", line 961, in render_annotated
    return self.render(context)
  File "/home/lindah/marketplace_dj/venv/lib/python3.10/site-packages/django/template/defaulttags.py", line 242, in render
    nodelist.append(node.render_annotated(context))
  File "/home/lindah/marketplace_dj/venv/lib/python3.10/site-packages/django/template/base.py", line 961, in render_annotated
    return self.render(context)
  File "/home/lindah/marketplace_dj/venv/lib/python3.10/site-packages/django/template/defaulttags.py", line 479, in render
    url = reverse(view_name, args=args, kwargs=kwargs, current_app=current_app)
  File "/home/lindah/marketplace_dj/venv/lib/python3.10/site-packages/django/urls/base.py", line 88, in reverse
    return resolver._reverse_with_prefix(view, prefix, *args, **kwargs)
  File "/home/lindah/marketplace_dj/venv/lib/python3.10/site-packages/django/urls/resolvers.py", line 851, in _reverse_with_prefix
    raise NoReverseMatch(msg)
django.urls.exceptions.NoReverseMatch: Reverse for 'product_detail' with keyword arguments '{'product_id': 5}' not found. 1 pattern(s) tried: ['store/(?P<slug>[-a-zA-Z0-9_]+)/\\Z']
ERROR 2025-03-31 12:03:45,922 basehttp 16570 140021486052928 "GET /store/ HTTP/1.1" 500 222115
ERROR 2025-03-31 12:05:43,657 log 17219 139728506578496 Internal Server Error: /store/
Traceback (most recent call last):
  File "/home/lindah/marketplace_dj/venv/lib/python3.10/site-packages/django/core/handlers/exception.py", line 55, in inner
    response = get_response(request)
  File "/home/lindah/marketplace_dj/venv/lib/python3.10/site-packages/django/core/handlers/base.py", line 197, in _get_response
    response = wrapped_callback(request, *callback_args, **callback_kwargs)
  File "/home/lindah/marketplace_dj/puddle/core/views.py", line 561, in store
    return render(request, 'core/store.html', context)
  File "/home/lindah/marketplace_dj/venv/lib/python3.10/site-packages/django/shortcuts.py", line 25, in render
    content = loader.render_to_string(template_name, context, request, using=using)
  File "/home/lindah/marketplace_dj/venv/lib/python3.10/site-packages/django/template/loader.py", line 62, in render_to_string
    return template.render(context, request)
  File "/home/lindah/marketplace_dj/venv/lib/python3.10/site-packages/django/template/backends/django.py", line 61, in render
    return self.template.render(context)
  File "/home/lindah/marketplace_dj/venv/lib/python3.10/site-packages/django/template/base.py", line 171, in render
    return self._render(context)
  File "/home/lindah/marketplace_dj/venv/lib/python3.10/site-packages/django/template/base.py", line 163, in _render
    return self.nodelist.render(context)
  File "/home/lindah/marketplace_dj/venv/lib/python3.10/site-packages/django/template/base.py", line 1000, in render
    return SafeString("".join([node.render_annotated(context) for node in self]))
  File "/home/lindah/marketplace_dj/venv/lib/python3.10/site-packages/django/template/base.py", line 1000, in <listcomp>
    return SafeString("".join([node.render_annotated(context) for node in self]))
  File "/home/lindah/marketplace_dj/venv/lib/python3.10/site-packages/django/template/base.py", line 961, in render_annotated
    return self.render(context)
  File "/home/lindah/marketplace_dj/venv/lib/python3.10/site-packages/django/template/loader_tags.py", line 159, in render
    return compiled_parent._render(context)
  File "/home/lindah/marketplace_dj/venv/lib/python3.10/site-packages/django/template/base.py", line 163, in _render
    return self.nodelist.render(context)
  File "/home/lindah/marketplace_dj/venv/lib/python3.10/site-packages/django/template/base.py", line 1000, in render
    return SafeString("".join([node.render_annotated(context) for node in self]))
  File "/home/lindah/marketplace_dj/venv/lib/python3.10/site-packages/django/template/base.py", line 1000, in <listcomp>
    return SafeString("".join([node.render_annotated(context) for node in self]))
  File "/home/lindah/marketplace_dj/venv/lib/python3.10/site-packages/django/template/base.py", line 961, in render_annotated
    return self.render(context)
  File "/home/lindah/marketplace_dj/venv/lib/python3.10/site-packages/django/template/loader_tags.py", line 65, in render
    result = block.nodelist.render(context)
  File "/home/lindah/marketplace_dj/venv/lib/python3.10/site-packages/django/template/base.py", line 1000, in render
    return SafeString("".join([node.render_annotated(context) for node in self]))
  File "/home/lindah/marketplace_dj/venv/lib/python3.10/site-packages/django/template/base.py", line 1000, in <listcomp>
    return SafeString("".join([node.render_annotated(context) for node in self]))
  File "/home/lindah/marketplace_dj/venv/lib/python3.10/site-packages/django/template/base.py", line 961, in render_annotated
    return self.render(context)
  File "/home/lindah/marketplace_dj/venv/lib/python3.10/site-packages/django/template/defaulttags.py", line 326, in render
    return nodelist.render(context)
  File "/home/lindah/marketplace_dj/venv/lib/python3.10/site-packages/django/template/base.py", line 1000, in render
    return SafeString("".join([node.render_annotated(context) for node in self]))
  File "/home/lindah/marketplace_dj/venv/lib/python3.10/site-packages/django/template/base.py", line 1000, in <listcomp>
    return SafeString("".join([node.render_annotated(context) for node in self]))
  File "/home/lindah/marketplace_dj/venv/lib/python3.10/site-packages/django/template/base.py", line 961, in render_annotated
    return self.render(context)
  File "/home/lindah/marketplace_dj/venv/lib/python3.10/site-packages/django/template/defaulttags.py", line 242, in render
    nodelist.append(node.render_annotated(context))
  File "/home/lindah/marketplace_dj/venv/lib/python3.10/site-packages/django/template/base.py", line 961, in render_annotated
    return self.render(context)
  File "/home/lindah/marketplace_dj/venv/lib/python3.10/site-packages/django/template/defaulttags.py", line 479, in render
    url = reverse(view_name, args=args, kwargs=kwargs, current_app=current_app)
  File "/home/lindah/marketplace_dj/venv/lib/python3.10/site-packages/django/urls/base.py", line 88, in reverse
    return resolver._reverse_with_prefix(view, prefix, *args, **kwargs)
  File "/home/lindah/marketplace_dj/venv/lib/python3.10/site-packages/django/urls/resolvers.py", line 851, in _reverse_with_prefix
    raise NoReverseMatch(msg)
django.urls.exceptions.NoReverseMatch: Reverse for 'product_detail' with keyword arguments '{'product_id': 5}' not found. 1 pattern(s) tried: ['store/(?P<slug>[-a-zA-Z0-9_]+)/\\Z']
ERROR 2025-03-31 12:05:43,659 basehttp 17219 139728506578496 "GET /store/ HTTP/1.1" 500 222115
ERROR 2025-03-31 12:10:51,182 log 18207 140266409289280 Internal Server Error: /store/
Traceback (most recent call last):
  File "/home/lindah/marketplace_dj/venv/lib/python3.10/site-packages/django/db/backends/utils.py", line 105, in _execute
    return self.cursor.execute(sql, params)
  File "/home/lindah/marketplace_dj/venv/lib/python3.10/site-packages/django/db/backends/sqlite3/base.py", line 329, in execute
    return super().execute(query, params)
sqlite3.OperationalError: no such column: core_product.vendor

The above exception was the direct cause of the following exception:

Traceback (most recent call last):
  File "/home/lindah/marketplace_dj/venv/lib/python3.10/site-packages/django/core/handlers/exception.py", line 55, in inner
    response = get_response(request)
  File "/home/lindah/marketplace_dj/venv/lib/python3.10/site-packages/django/core/handlers/base.py", line 197, in _get_response
    response = wrapped_callback(request, *callback_args, **callback_kwargs)
  File "/home/lindah/marketplace_dj/puddle/core/views.py", line 561, in store
    return render(request, 'core/store.html', context)
  File "/home/lindah/marketplace_dj/venv/lib/python3.10/site-packages/django/shortcuts.py", line 25, in render
    content = loader.render_to_string(template_name, context, request, using=using)
  File "/home/lindah/marketplace_dj/venv/lib/python3.10/site-packages/django/template/loader.py", line 62, in render_to_string
    return template.render(context, request)
  File "/home/lindah/marketplace_dj/venv/lib/python3.10/site-packages/django/template/backends/django.py", line 61, in render
    return self.template.render(context)
  File "/home/lindah/marketplace_dj/venv/lib/python3.10/site-packages/django/template/base.py", line 171, in render
    return self._render(context)
  File "/home/lindah/marketplace_dj/venv/lib/python3.10/site-packages/django/template/base.py", line 163, in _render
    return self.nodelist.render(context)
  File "/home/lindah/marketplace_dj/venv/lib/python3.10/site-packages/django/template/base.py", line 1000, in render
    return SafeString("".join([node.render_annotated(context) for node in self]))
  File "/home/lindah/marketplace_dj/venv/lib/python3.10/site-packages/django/template/base.py", line 1000, in <listcomp>
    return SafeString("".join([node.render_annotated(context) for node in self]))
  File "/home/lindah/marketplace_dj/venv/lib/python3.10/site-packages/django/template/base.py", line 961, in render_annotated
    return self.render(context)
  File "/home/lindah/marketplace_dj/venv/lib/python3.10/site-packages/django/template/loader_tags.py", line 159, in render
    return compiled_parent._render(context)
  File "/home/lindah/marketplace_dj/venv/lib/python3.10/site-packages/django/template/base.py", line 163, in _render
    return self.nodelist.render(context)
  File "/home/lindah/marketplace_dj/venv/lib/python3.10/site-packages/django/template/base.py", line 1000, in render
    return SafeString("".join([node.render_annotated(context) for node in self]))
  File "/home/lindah/marketplace_dj/venv/lib/python3.10/site-packages/django/template/base.py", line 1000, in <listcomp>
    return SafeString("".join([node.render_annotated(context) for node in self]))
  File "/home/lindah/marketplace_dj/venv/lib/python3.10/site-packages/django/template/base.py", line 961, in render_annotated
    return self.render(context)
  File "/home/lindah/marketplace_dj/venv/lib/python3.10/site-packages/django/template/loader_tags.py", line 65, in render
    result = block.nodelist.render(context)
  File "/home/lindah/marketplace_dj/venv/lib/python3.10/site-packages/django/template/base.py", line 1000, in render
    return SafeString("".join([node.render_annotated(context) for node in self]))
  File "/home/lindah/marketplace_dj/venv/lib/python3.10/site-packages/django/template/base.py", line 1000, in <listcomp>
    return SafeString("".join([node.render_annotated(context) for node in self]))
  File "/home/lindah/marketplace_dj/venv/lib/python3.10/site-packages/django/template/base.py", line 961, in render_annotated
    return self.render(context)
  File "/home/lindah/marketplace_dj/venv/lib/python3.10/site-packages/django/template/defaulttags.py", line 325, in render
    if match:
  File "/home/lindah/marketplace_dj/venv/lib/python3.10/site-packages/django/db/models/query.py", line 414, in __bool__
    self._fetch_all()
  File "/home/lindah/marketplace_dj/venv/lib/python3.10/site-packages/django/db/models/query.py", line 1928, in _fetch_all
    self._result_cache = list(self._iterable_class(self))
  File "/home/lindah/marketplace_dj/venv/lib/python3.10/site-packages/django/db/models/query.py", line 91, in __iter__
    results = compiler.execute_sql(
  File "/home/lindah/marketplace_dj/venv/lib/python3.10/site-packages/django/db/models/sql/compiler.py", line 1562, in execute_sql
    cursor.execute(sql, params)
  File "/home/lindah/marketplace_dj/venv/lib/python3.10/site-packages/django/db/backends/utils.py", line 122, in execute
    return super().execute(sql, params)
  File "/home/lindah/marketplace_dj/venv/lib/python3.10/site-packages/django/db/backends/utils.py", line 79, in execute
    return self._execute_with_wrappers(
  File "/home/lindah/marketplace_dj/venv/lib/python3.10/site-packages/django/db/backends/utils.py", line 92, in _execute_with_wrappers
    return executor(sql, params, many, context)
  File "/home/lindah/marketplace_dj/venv/lib/python3.10/site-packages/django/db/backends/utils.py", line 100, in _execute
    with self.db.wrap_database_errors:
  File "/home/lindah/marketplace_dj/venv/lib/python3.10/site-packages/django/db/utils.py", line 91, in __exit__
    raise dj_exc_value.with_traceback(traceback) from exc_value
  File "/home/lindah/marketplace_dj/venv/lib/python3.10/site-packages/django/db/backends/utils.py", line 105, in _execute
    return self.cursor.execute(sql, params)
  File "/home/lindah/marketplace_dj/venv/lib/python3.10/site-packages/django/db/backends/sqlite3/base.py", line 329, in execute
    return super().execute(query, params)
django.db.utils.OperationalError: no such column: core_product.vendor
ERROR 2025-03-31 12:10:51,186 basehttp 18207 140266409289280 "GET /store/ HTTP/1.1" 500 237646
ERROR 2025-03-31 12:22:26,222 log 20202 140184273286720 Internal Server Error: /accounts/login/
Traceback (most recent call last):
  File "/home/lindah/marketplace_dj/venv/lib/python3.10/site-packages/django/core/handlers/exception.py", line 55, in inner
    response = get_response(request)
  File "/home/lindah/marketplace_dj/venv/lib/python3.10/site-packages/django/core/handlers/base.py", line 197, in _get_response
    response = wrapped_callback(request, *callback_args, **callback_kwargs)
  File "/home/lindah/marketplace_dj/venv/lib/python3.10/site-packages/django/utils/decorators.py", line 188, in _view_wrapper
    result = _process_exception(request, e)
  File "/home/lindah/marketplace_dj/venv/lib/python3.10/site-packages/django/utils/decorators.py", line 186, in _view_wrapper
    response = view_func(request, *args, **kwargs)
  File "/home/lindah/marketplace_dj/puddle/accounts/views.py", line 28, in login_view
    login(request, user)
  File "/home/lindah/marketplace_dj/venv/lib/python3.10/site-packages/django/contrib/auth/__init__.py", line 126, in login
    request.session.cycle_key()
  File "/home/lindah/marketplace_dj/venv/lib/python3.10/site-packages/django/contrib/sessions/backends/base.py", line 304, in cycle_key
    self.create()
  File "/home/lindah/marketplace_dj/venv/lib/python3.10/site-packages/django/contrib/sessions/backends/cache.py", line 42, in create
    self._session_key = self._get_new_session_key()
  File "/home/lindah/marketplace_dj/venv/lib/python3.10/site-packages/django/contrib/sessions/backends/base.py", line 150, in _get_new_session_key
    if not self.exists(session_key):
  File "/home/lindah/marketplace_dj/venv/lib/python3.10/site-packages/django/contrib/sessions/backends/cache.py", line 73, in exists
    bool(session_key) and (self.cache_key_prefix + session_key) in self._cache
  File "/home/lindah/marketplace_dj/venv/lib/python3.10/site-packages/django/core/cache/backends/base.py", line 300, in __contains__
    return self.has_key(key)
  File "/home/lindah/marketplace_dj/venv/lib/python3.10/site-packages/django/core/cache/backends/redis.py", line 210, in has_key
    return self._cache.has_key(key)
  File "/home/lindah/marketplace_dj/venv/lib/python3.10/site-packages/django/utils/functional.py", line 47, in __get__
    res = instance.__dict__[self.name] = self.func(instance)
  File "/home/lindah/marketplace_dj/venv/lib/python3.10/site-packages/django/core/cache/backends/redis.py", line 172, in _cache
    return self._class(self._servers, **self._options)
  File "/home/lindah/marketplace_dj/venv/lib/python3.10/site-packages/django/core/cache/backends/redis.py", line 39, in __init__
    import redis
ModuleNotFoundError: No module named 'redis'
ERROR 2025-03-31 12:22:26,224 basehttp 20202 140184273286720 "POST /accounts/login/ HTTP/1.1" 500 134505
ERROR 2025-03-31 13:03:17,811 log 23556 139847440258624 Internal Server Error: /
Traceback (most recent call last):
  File "/home/lindah/marketplace_dj/venv/lib/python3.10/site-packages/django/template/base.py", line 502, in parse
    compile_func = self.tags[command]
KeyError: 'static'

During handling of the above exception, another exception occurred:

Traceback (most recent call last):
  File "/home/lindah/marketplace_dj/venv/lib/python3.10/site-packages/django/core/handlers/exception.py", line 55, in inner
    response = get_response(request)
  File "/home/lindah/marketplace_dj/venv/lib/python3.10/site-packages/django/core/handlers/base.py", line 197, in _get_response
    response = wrapped_callback(request, *callback_args, **callback_kwargs)
  File "/home/lindah/marketplace_dj/puddle/core/views.py", line 43, in home
    return render(request, 'core/home.html', context)
  File "/home/lindah/marketplace_dj/venv/lib/python3.10/site-packages/django/shortcuts.py", line 25, in render
    content = loader.render_to_string(template_name, context, request, using=using)
  File "/home/lindah/marketplace_dj/venv/lib/python3.10/site-packages/django/template/loader.py", line 61, in render_to_string
    template = get_template(template_name, using=using)
  File "/home/lindah/marketplace_dj/venv/lib/python3.10/site-packages/django/template/loader.py", line 15, in get_template
    return engine.get_template(template_name)
  File "/home/lindah/marketplace_dj/venv/lib/python3.10/site-packages/django/template/backends/django.py", line 33, in get_template
    return Template(self.engine.get_template(template_name), self)
  File "/home/lindah/marketplace_dj/venv/lib/python3.10/site-packages/django/template/engine.py", line 177, in get_template
    template, origin = self.find_template(template_name)
  File "/home/lindah/marketplace_dj/venv/lib/python3.10/site-packages/django/template/engine.py", line 159, in find_template
    template = loader.get_template(name, skip=skip)
  File "/home/lindah/marketplace_dj/venv/lib/python3.10/site-packages/django/template/loaders/cached.py", line 57, in get_template
    template = super().get_template(template_name, skip)
  File "/home/lindah/marketplace_dj/venv/lib/python3.10/site-packages/django/template/loaders/base.py", line 28, in get_template
    return Template(
  File "/home/lindah/marketplace_dj/venv/lib/python3.10/site-packages/django/template/base.py", line 154, in __init__
    self.nodelist = self.compile_nodelist()
  File "/home/lindah/marketplace_dj/venv/lib/python3.10/site-packages/django/template/base.py", line 196, in compile_nodelist
    return parser.parse()
  File "/home/lindah/marketplace_dj/venv/lib/python3.10/site-packages/django/template/base.py", line 510, in parse
    raise self.error(token, e)
  File "/home/lindah/marketplace_dj/venv/lib/python3.10/site-packages/django/template/base.py", line 508, in parse
    compiled_result = compile_func(self, token)
  File "/home/lindah/marketplace_dj/venv/lib/python3.10/site-packages/django/template/loader_tags.py", line 295, in do_extends
    nodelist = parser.parse()
  File "/home/lindah/marketplace_dj/venv/lib/python3.10/site-packages/django/template/base.py", line 510, in parse
    raise self.error(token, e)
  File "/home/lindah/marketplace_dj/venv/lib/python3.10/site-packages/django/template/base.py", line 508, in parse
    compiled_result = compile_func(self, token)
  File "/home/lindah/marketplace_dj/venv/lib/python3.10/site-packages/django/template/loader_tags.py", line 234, in do_block
    nodelist = parser.parse(("endblock",))
  File "/home/lindah/marketplace_dj/venv/lib/python3.10/site-packages/django/template/base.py", line 504, in parse
    self.invalid_block_tag(token, command, parse_until)
  File "/home/lindah/marketplace_dj/venv/lib/python3.10/site-packages/django/template/base.py", line 555, in invalid_block_tag
    raise self.error(
django.template.exceptions.TemplateSyntaxError: Invalid block tag on line 11: 'static', expected 'endblock'. Did you forget to register or load this tag?
ERROR 2025-03-31 13:03:17,814 basehttp 23556 139847440258624 "GET / HTTP/1.1" 500 195892
ERROR 2025-03-31 13:03:40,182 log 23556 139847450748480 Internal Server Error: /
Traceback (most recent call last):
  File "/home/lindah/marketplace_dj/venv/lib/python3.10/site-packages/django/template/base.py", line 502, in parse
    compile_func = self.tags[command]
KeyError: 'static'

During handling of the above exception, another exception occurred:

Traceback (most recent call last):
  File "/home/lindah/marketplace_dj/venv/lib/python3.10/site-packages/django/core/handlers/exception.py", line 55, in inner
    response = get_response(request)
  File "/home/lindah/marketplace_dj/venv/lib/python3.10/site-packages/django/core/handlers/base.py", line 197, in _get_response
    response = wrapped_callback(request, *callback_args, **callback_kwargs)
  File "/home/lindah/marketplace_dj/puddle/core/views.py", line 43, in home
    return render(request, 'core/home.html', context)
  File "/home/lindah/marketplace_dj/venv/lib/python3.10/site-packages/django/shortcuts.py", line 25, in render
    content = loader.render_to_string(template_name, context, request, using=using)
  File "/home/lindah/marketplace_dj/venv/lib/python3.10/site-packages/django/template/loader.py", line 61, in render_to_string
    template = get_template(template_name, using=using)
  File "/home/lindah/marketplace_dj/venv/lib/python3.10/site-packages/django/template/loader.py", line 15, in get_template
    return engine.get_template(template_name)
  File "/home/lindah/marketplace_dj/venv/lib/python3.10/site-packages/django/template/backends/django.py", line 33, in get_template
    return Template(self.engine.get_template(template_name), self)
  File "/home/lindah/marketplace_dj/venv/lib/python3.10/site-packages/django/template/engine.py", line 177, in get_template
    template, origin = self.find_template(template_name)
  File "/home/lindah/marketplace_dj/venv/lib/python3.10/site-packages/django/template/engine.py", line 159, in find_template
    template = loader.get_template(name, skip=skip)
  File "/home/lindah/marketplace_dj/venv/lib/python3.10/site-packages/django/template/loaders/cached.py", line 57, in get_template
    template = super().get_template(template_name, skip)
  File "/home/lindah/marketplace_dj/venv/lib/python3.10/site-packages/django/template/loaders/base.py", line 28, in get_template
    return Template(
  File "/home/lindah/marketplace_dj/venv/lib/python3.10/site-packages/django/template/base.py", line 154, in __init__
    self.nodelist = self.compile_nodelist()
  File "/home/lindah/marketplace_dj/venv/lib/python3.10/site-packages/django/template/base.py", line 196, in compile_nodelist
    return parser.parse()
  File "/home/lindah/marketplace_dj/venv/lib/python3.10/site-packages/django/template/base.py", line 510, in parse
    raise self.error(token, e)
  File "/home/lindah/marketplace_dj/venv/lib/python3.10/site-packages/django/template/base.py", line 508, in parse
    compiled_result = compile_func(self, token)
  File "/home/lindah/marketplace_dj/venv/lib/python3.10/site-packages/django/template/loader_tags.py", line 295, in do_extends
    nodelist = parser.parse()
  File "/home/lindah/marketplace_dj/venv/lib/python3.10/site-packages/django/template/base.py", line 510, in parse
    raise self.error(token, e)
  File "/home/lindah/marketplace_dj/venv/lib/python3.10/site-packages/django/template/base.py", line 508, in parse
    compiled_result = compile_func(self, token)
  File "/home/lindah/marketplace_dj/venv/lib/python3.10/site-packages/django/template/loader_tags.py", line 234, in do_block
    nodelist = parser.parse(("endblock",))
  File "/home/lindah/marketplace_dj/venv/lib/python3.10/site-packages/django/template/base.py", line 504, in parse
    self.invalid_block_tag(token, command, parse_until)
  File "/home/lindah/marketplace_dj/venv/lib/python3.10/site-packages/django/template/base.py", line 555, in invalid_block_tag
    raise self.error(
django.template.exceptions.TemplateSyntaxError: Invalid block tag on line 11: 'static', expected 'endblock'. Did you forget to register or load this tag?
ERROR 2025-03-31 13:03:40,185 basehttp 23556 139847450748480 "GET / HTTP/1.1" 500 195892
ERROR 2025-03-31 13:04:24,870 log 23556 139847440258624 Internal Server Error: /
Traceback (most recent call last):
  File "/home/lindah/marketplace_dj/venv/lib/python3.10/site-packages/django/template/base.py", line 502, in parse
    compile_func = self.tags[command]
KeyError: 'static'

During handling of the above exception, another exception occurred:

Traceback (most recent call last):
  File "/home/lindah/marketplace_dj/venv/lib/python3.10/site-packages/django/core/handlers/exception.py", line 55, in inner
    response = get_response(request)
  File "/home/lindah/marketplace_dj/venv/lib/python3.10/site-packages/django/core/handlers/base.py", line 197, in _get_response
    response = wrapped_callback(request, *callback_args, **callback_kwargs)
  File "/home/lindah/marketplace_dj/puddle/core/views.py", line 43, in home
    return render(request, 'core/home.html', context)
  File "/home/lindah/marketplace_dj/venv/lib/python3.10/site-packages/django/shortcuts.py", line 25, in render
    content = loader.render_to_string(template_name, context, request, using=using)
  File "/home/lindah/marketplace_dj/venv/lib/python3.10/site-packages/django/template/loader.py", line 61, in render_to_string
    template = get_template(template_name, using=using)
  File "/home/lindah/marketplace_dj/venv/lib/python3.10/site-packages/django/template/loader.py", line 15, in get_template
    return engine.get_template(template_name)
  File "/home/lindah/marketplace_dj/venv/lib/python3.10/site-packages/django/template/backends/django.py", line 33, in get_template
    return Template(self.engine.get_template(template_name), self)
  File "/home/lindah/marketplace_dj/venv/lib/python3.10/site-packages/django/template/engine.py", line 177, in get_template
    template, origin = self.find_template(template_name)
  File "/home/lindah/marketplace_dj/venv/lib/python3.10/site-packages/django/template/engine.py", line 159, in find_template
    template = loader.get_template(name, skip=skip)
  File "/home/lindah/marketplace_dj/venv/lib/python3.10/site-packages/django/template/loaders/cached.py", line 57, in get_template
    template = super().get_template(template_name, skip)
  File "/home/lindah/marketplace_dj/venv/lib/python3.10/site-packages/django/template/loaders/base.py", line 28, in get_template
    return Template(
  File "/home/lindah/marketplace_dj/venv/lib/python3.10/site-packages/django/template/base.py", line 154, in __init__
    self.nodelist = self.compile_nodelist()
  File "/home/lindah/marketplace_dj/venv/lib/python3.10/site-packages/django/template/base.py", line 196, in compile_nodelist
    return parser.parse()
  File "/home/lindah/marketplace_dj/venv/lib/python3.10/site-packages/django/template/base.py", line 510, in parse
    raise self.error(token, e)
  File "/home/lindah/marketplace_dj/venv/lib/python3.10/site-packages/django/template/base.py", line 508, in parse
    compiled_result = compile_func(self, token)
  File "/home/lindah/marketplace_dj/venv/lib/python3.10/site-packages/django/template/loader_tags.py", line 295, in do_extends
    nodelist = parser.parse()
  File "/home/lindah/marketplace_dj/venv/lib/python3.10/site-packages/django/template/base.py", line 510, in parse
    raise self.error(token, e)
  File "/home/lindah/marketplace_dj/venv/lib/python3.10/site-packages/django/template/base.py", line 508, in parse
    compiled_result = compile_func(self, token)
  File "/home/lindah/marketplace_dj/venv/lib/python3.10/site-packages/django/template/loader_tags.py", line 234, in do_block
    nodelist = parser.parse(("endblock",))
  File "/home/lindah/marketplace_dj/venv/lib/python3.10/site-packages/django/template/base.py", line 504, in parse
    self.invalid_block_tag(token, command, parse_until)
  File "/home/lindah/marketplace_dj/venv/lib/python3.10/site-packages/django/template/base.py", line 555, in invalid_block_tag
    raise self.error(
django.template.exceptions.TemplateSyntaxError: Invalid block tag on line 11: 'static', expected 'endblock'. Did you forget to register or load this tag?
ERROR 2025-03-31 13:04:24,872 basehttp 23556 139847440258624 "GET / HTTP/1.1" 500 195892
ERROR 2025-03-31 13:05:16,846 log 23556 139847450748480 Internal Server Error: /
Traceback (most recent call last):
  File "/home/lindah/marketplace_dj/venv/lib/python3.10/site-packages/django/template/base.py", line 502, in parse
    compile_func = self.tags[command]
KeyError: 'static'

During handling of the above exception, another exception occurred:

Traceback (most recent call last):
  File "/home/lindah/marketplace_dj/venv/lib/python3.10/site-packages/django/core/handlers/exception.py", line 55, in inner
    response = get_response(request)
  File "/home/lindah/marketplace_dj/venv/lib/python3.10/site-packages/django/core/handlers/base.py", line 197, in _get_response
    response = wrapped_callback(request, *callback_args, **callback_kwargs)
  File "/home/lindah/marketplace_dj/puddle/core/views.py", line 43, in home
    return render(request, 'core/home.html', context)
  File "/home/lindah/marketplace_dj/venv/lib/python3.10/site-packages/django/shortcuts.py", line 25, in render
    content = loader.render_to_string(template_name, context, request, using=using)
  File "/home/lindah/marketplace_dj/venv/lib/python3.10/site-packages/django/template/loader.py", line 61, in render_to_string
    template = get_template(template_name, using=using)
  File "/home/lindah/marketplace_dj/venv/lib/python3.10/site-packages/django/template/loader.py", line 15, in get_template
    return engine.get_template(template_name)
  File "/home/lindah/marketplace_dj/venv/lib/python3.10/site-packages/django/template/backends/django.py", line 33, in get_template
    return Template(self.engine.get_template(template_name), self)
  File "/home/lindah/marketplace_dj/venv/lib/python3.10/site-packages/django/template/engine.py", line 177, in get_template
    template, origin = self.find_template(template_name)
  File "/home/lindah/marketplace_dj/venv/lib/python3.10/site-packages/django/template/engine.py", line 159, in find_template
    template = loader.get_template(name, skip=skip)
  File "/home/lindah/marketplace_dj/venv/lib/python3.10/site-packages/django/template/loaders/cached.py", line 57, in get_template
    template = super().get_template(template_name, skip)
  File "/home/lindah/marketplace_dj/venv/lib/python3.10/site-packages/django/template/loaders/base.py", line 28, in get_template
    return Template(
  File "/home/lindah/marketplace_dj/venv/lib/python3.10/site-packages/django/template/base.py", line 154, in __init__
    self.nodelist = self.compile_nodelist()
  File "/home/lindah/marketplace_dj/venv/lib/python3.10/site-packages/django/template/base.py", line 196, in compile_nodelist
    return parser.parse()
  File "/home/lindah/marketplace_dj/venv/lib/python3.10/site-packages/django/template/base.py", line 510, in parse
    raise self.error(token, e)
  File "/home/lindah/marketplace_dj/venv/lib/python3.10/site-packages/django/template/base.py", line 508, in parse
    compiled_result = compile_func(self, token)
  File "/home/lindah/marketplace_dj/venv/lib/python3.10/site-packages/django/template/loader_tags.py", line 295, in do_extends
    nodelist = parser.parse()
  File "/home/lindah/marketplace_dj/venv/lib/python3.10/site-packages/django/template/base.py", line 510, in parse
    raise self.error(token, e)
  File "/home/lindah/marketplace_dj/venv/lib/python3.10/site-packages/django/template/base.py", line 508, in parse
    compiled_result = compile_func(self, token)
  File "/home/lindah/marketplace_dj/venv/lib/python3.10/site-packages/django/template/loader_tags.py", line 234, in do_block
    nodelist = parser.parse(("endblock",))
  File "/home/lindah/marketplace_dj/venv/lib/python3.10/site-packages/django/template/base.py", line 504, in parse
    self.invalid_block_tag(token, command, parse_until)
  File "/home/lindah/marketplace_dj/venv/lib/python3.10/site-packages/django/template/base.py", line 555, in invalid_block_tag
    raise self.error(
django.template.exceptions.TemplateSyntaxError: Invalid block tag on line 11: 'static', expected 'endblock'. Did you forget to register or load this tag?
ERROR 2025-03-31 13:05:16,848 basehttp 23556 139847450748480 "GET / HTTP/1.1" 500 194382
ERROR 2025-03-31 13:05:20,799 log 27144 139640852964928 Internal Server Error: /
Traceback (most recent call last):
  File "/home/lindah/marketplace_dj/venv/lib/python3.10/site-packages/django/template/base.py", line 502, in parse
    compile_func = self.tags[command]
KeyError: 'static'

During handling of the above exception, another exception occurred:

Traceback (most recent call last):
  File "/home/lindah/marketplace_dj/venv/lib/python3.10/site-packages/django/core/handlers/exception.py", line 55, in inner
    response = get_response(request)
  File "/home/lindah/marketplace_dj/venv/lib/python3.10/site-packages/django/core/handlers/base.py", line 197, in _get_response
    response = wrapped_callback(request, *callback_args, **callback_kwargs)
  File "/home/lindah/marketplace_dj/puddle/core/views.py", line 43, in home
    return render(request, 'core/home.html', context)
  File "/home/lindah/marketplace_dj/venv/lib/python3.10/site-packages/django/shortcuts.py", line 25, in render
    content = loader.render_to_string(template_name, context, request, using=using)
  File "/home/lindah/marketplace_dj/venv/lib/python3.10/site-packages/django/template/loader.py", line 61, in render_to_string
    template = get_template(template_name, using=using)
  File "/home/lindah/marketplace_dj/venv/lib/python3.10/site-packages/django/template/loader.py", line 15, in get_template
    return engine.get_template(template_name)
  File "/home/lindah/marketplace_dj/venv/lib/python3.10/site-packages/django/template/backends/django.py", line 33, in get_template
    return Template(self.engine.get_template(template_name), self)
  File "/home/lindah/marketplace_dj/venv/lib/python3.10/site-packages/django/template/engine.py", line 177, in get_template
    template, origin = self.find_template(template_name)
  File "/home/lindah/marketplace_dj/venv/lib/python3.10/site-packages/django/template/engine.py", line 159, in find_template
    template = loader.get_template(name, skip=skip)
  File "/home/lindah/marketplace_dj/venv/lib/python3.10/site-packages/django/template/loaders/cached.py", line 57, in get_template
    template = super().get_template(template_name, skip)
  File "/home/lindah/marketplace_dj/venv/lib/python3.10/site-packages/django/template/loaders/base.py", line 28, in get_template
    return Template(
  File "/home/lindah/marketplace_dj/venv/lib/python3.10/site-packages/django/template/base.py", line 154, in __init__
    self.nodelist = self.compile_nodelist()
  File "/home/lindah/marketplace_dj/venv/lib/python3.10/site-packages/django/template/base.py", line 196, in compile_nodelist
    return parser.parse()
  File "/home/lindah/marketplace_dj/venv/lib/python3.10/site-packages/django/template/base.py", line 510, in parse
    raise self.error(token, e)
  File "/home/lindah/marketplace_dj/venv/lib/python3.10/site-packages/django/template/base.py", line 508, in parse
    compiled_result = compile_func(self, token)
  File "/home/lindah/marketplace_dj/venv/lib/python3.10/site-packages/django/template/loader_tags.py", line 295, in do_extends
    nodelist = parser.parse()
  File "/home/lindah/marketplace_dj/venv/lib/python3.10/site-packages/django/template/base.py", line 510, in parse
    raise self.error(token, e)
  File "/home/lindah/marketplace_dj/venv/lib/python3.10/site-packages/django/template/base.py", line 508, in parse
    compiled_result = compile_func(self, token)
  File "/home/lindah/marketplace_dj/venv/lib/python3.10/site-packages/django/template/loader_tags.py", line 234, in do_block
    nodelist = parser.parse(("endblock",))
  File "/home/lindah/marketplace_dj/venv/lib/python3.10/site-packages/django/template/base.py", line 504, in parse
    self.invalid_block_tag(token, command, parse_until)
  File "/home/lindah/marketplace_dj/venv/lib/python3.10/site-packages/django/template/base.py", line 555, in invalid_block_tag
    raise self.error(
django.template.exceptions.TemplateSyntaxError: Invalid block tag on line 11: 'static', expected 'endblock'. Did you forget to register or load this tag?
ERROR 2025-03-31 13:05:20,813 basehttp 27144 139640852964928 "GET / HTTP/1.1" 500 194382
ERROR 2025-03-31 13:05:26,974 log 27144 139640862406208 Internal Server Error: /
Traceback (most recent call last):
  File "/home/lindah/marketplace_dj/venv/lib/python3.10/site-packages/django/template/base.py", line 502, in parse
    compile_func = self.tags[command]
KeyError: 'static'

During handling of the above exception, another exception occurred:

Traceback (most recent call last):
  File "/home/lindah/marketplace_dj/venv/lib/python3.10/site-packages/django/core/handlers/exception.py", line 55, in inner
    response = get_response(request)
  File "/home/lindah/marketplace_dj/venv/lib/python3.10/site-packages/django/core/handlers/base.py", line 197, in _get_response
    response = wrapped_callback(request, *callback_args, **callback_kwargs)
  File "/home/lindah/marketplace_dj/puddle/core/views.py", line 43, in home
    return render(request, 'core/home.html', context)
  File "/home/lindah/marketplace_dj/venv/lib/python3.10/site-packages/django/shortcuts.py", line 25, in render
    content = loader.render_to_string(template_name, context, request, using=using)
  File "/home/lindah/marketplace_dj/venv/lib/python3.10/site-packages/django/template/loader.py", line 61, in render_to_string
    template = get_template(template_name, using=using)
  File "/home/lindah/marketplace_dj/venv/lib/python3.10/site-packages/django/template/loader.py", line 15, in get_template
    return engine.get_template(template_name)
  File "/home/lindah/marketplace_dj/venv/lib/python3.10/site-packages/django/template/backends/django.py", line 33, in get_template
    return Template(self.engine.get_template(template_name), self)
  File "/home/lindah/marketplace_dj/venv/lib/python3.10/site-packages/django/template/engine.py", line 177, in get_template
    template, origin = self.find_template(template_name)
  File "/home/lindah/marketplace_dj/venv/lib/python3.10/site-packages/django/template/engine.py", line 159, in find_template
    template = loader.get_template(name, skip=skip)
  File "/home/lindah/marketplace_dj/venv/lib/python3.10/site-packages/django/template/loaders/cached.py", line 57, in get_template
    template = super().get_template(template_name, skip)
  File "/home/lindah/marketplace_dj/venv/lib/python3.10/site-packages/django/template/loaders/base.py", line 28, in get_template
    return Template(
  File "/home/lindah/marketplace_dj/venv/lib/python3.10/site-packages/django/template/base.py", line 154, in __init__
    self.nodelist = self.compile_nodelist()
  File "/home/lindah/marketplace_dj/venv/lib/python3.10/site-packages/django/template/base.py", line 196, in compile_nodelist
    return parser.parse()
  File "/home/lindah/marketplace_dj/venv/lib/python3.10/site-packages/django/template/base.py", line 510, in parse
    raise self.error(token, e)
  File "/home/lindah/marketplace_dj/venv/lib/python3.10/site-packages/django/template/base.py", line 508, in parse
    compiled_result = compile_func(self, token)
  File "/home/lindah/marketplace_dj/venv/lib/python3.10/site-packages/django/template/loader_tags.py", line 295, in do_extends
    nodelist = parser.parse()
  File "/home/lindah/marketplace_dj/venv/lib/python3.10/site-packages/django/template/base.py", line 510, in parse
    raise self.error(token, e)
  File "/home/lindah/marketplace_dj/venv/lib/python3.10/site-packages/django/template/base.py", line 508, in parse
    compiled_result = compile_func(self, token)
  File "/home/lindah/marketplace_dj/venv/lib/python3.10/site-packages/django/template/loader_tags.py", line 234, in do_block
    nodelist = parser.parse(("endblock",))
  File "/home/lindah/marketplace_dj/venv/lib/python3.10/site-packages/django/template/base.py", line 504, in parse
    self.invalid_block_tag(token, command, parse_until)
  File "/home/lindah/marketplace_dj/venv/lib/python3.10/site-packages/django/template/base.py", line 555, in invalid_block_tag
    raise self.error(
django.template.exceptions.TemplateSyntaxError: Invalid block tag on line 11: 'static', expected 'endblock'. Did you forget to register or load this tag?
ERROR 2025-03-31 13:05:26,975 basehttp 27144 139640862406208 "GET / HTTP/1.1" 500 195562
ERROR 2025-03-31 13:06:42,142 log 27144 139640852964928 Internal Server Error: /
Traceback (most recent call last):
  File "/home/lindah/marketplace_dj/venv/lib/python3.10/site-packages/django/template/base.py", line 502, in parse
    compile_func = self.tags[command]
KeyError: 'raw'

During handling of the above exception, another exception occurred:

Traceback (most recent call last):
  File "/home/lindah/marketplace_dj/venv/lib/python3.10/site-packages/django/core/handlers/exception.py", line 55, in inner
    response = get_response(request)
  File "/home/lindah/marketplace_dj/venv/lib/python3.10/site-packages/django/core/handlers/base.py", line 197, in _get_response
    response = wrapped_callback(request, *callback_args, **callback_kwargs)
  File "/home/lindah/marketplace_dj/puddle/core/views.py", line 43, in home
    return render(request, 'core/home.html', context)
  File "/home/lindah/marketplace_dj/venv/lib/python3.10/site-packages/django/shortcuts.py", line 25, in render
    content = loader.render_to_string(template_name, context, request, using=using)
  File "/home/lindah/marketplace_dj/venv/lib/python3.10/site-packages/django/template/loader.py", line 61, in render_to_string
    template = get_template(template_name, using=using)
  File "/home/lindah/marketplace_dj/venv/lib/python3.10/site-packages/django/template/loader.py", line 15, in get_template
    return engine.get_template(template_name)
  File "/home/lindah/marketplace_dj/venv/lib/python3.10/site-packages/django/template/backends/django.py", line 33, in get_template
    return Template(self.engine.get_template(template_name), self)
  File "/home/lindah/marketplace_dj/venv/lib/python3.10/site-packages/django/template/engine.py", line 177, in get_template
    template, origin = self.find_template(template_name)
  File "/home/lindah/marketplace_dj/venv/lib/python3.10/site-packages/django/template/engine.py", line 159, in find_template
    template = loader.get_template(name, skip=skip)
  File "/home/lindah/marketplace_dj/venv/lib/python3.10/site-packages/django/template/loaders/cached.py", line 57, in get_template
    template = super().get_template(template_name, skip)
  File "/home/lindah/marketplace_dj/venv/lib/python3.10/site-packages/django/template/loaders/base.py", line 28, in get_template
    return Template(
  File "/home/lindah/marketplace_dj/venv/lib/python3.10/site-packages/django/template/base.py", line 154, in __init__
    self.nodelist = self.compile_nodelist()
  File "/home/lindah/marketplace_dj/venv/lib/python3.10/site-packages/django/template/base.py", line 196, in compile_nodelist
    return parser.parse()
  File "/home/lindah/marketplace_dj/venv/lib/python3.10/site-packages/django/template/base.py", line 510, in parse
    raise self.error(token, e)
  File "/home/lindah/marketplace_dj/venv/lib/python3.10/site-packages/django/template/base.py", line 508, in parse
    compiled_result = compile_func(self, token)
  File "/home/lindah/marketplace_dj/venv/lib/python3.10/site-packages/django/template/loader_tags.py", line 295, in do_extends
    nodelist = parser.parse()
  File "/home/lindah/marketplace_dj/venv/lib/python3.10/site-packages/django/template/base.py", line 510, in parse
    raise self.error(token, e)
  File "/home/lindah/marketplace_dj/venv/lib/python3.10/site-packages/django/template/base.py", line 508, in parse
    compiled_result = compile_func(self, token)
  File "/home/lindah/marketplace_dj/venv/lib/python3.10/site-packages/django/template/loader_tags.py", line 234, in do_block
    nodelist = parser.parse(("endblock",))
  File "/home/lindah/marketplace_dj/venv/lib/python3.10/site-packages/django/template/base.py", line 504, in parse
    self.invalid_block_tag(token, command, parse_until)
  File "/home/lindah/marketplace_dj/venv/lib/python3.10/site-packages/django/template/base.py", line 555, in invalid_block_tag
    raise self.error(
django.template.exceptions.TemplateSyntaxError: Invalid block tag on line 12: 'raw', expected 'endblock'. Did you forget to register or load this tag?
ERROR 2025-03-31 13:06:42,144 basehttp 27144 139640852964928 "GET / HTTP/1.1" 500 197269
ERROR 2025-03-31 13:07:07,543 log 27144 139640862406208 Internal Server Error: /
Traceback (most recent call last):
  File "/home/lindah/marketplace_dj/venv/lib/python3.10/site-packages/django/template/base.py", line 502, in parse
    compile_func = self.tags[command]
KeyError: 'raw'

During handling of the above exception, another exception occurred:

Traceback (most recent call last):
  File "/home/lindah/marketplace_dj/venv/lib/python3.10/site-packages/django/core/handlers/exception.py", line 55, in inner
    response = get_response(request)
  File "/home/lindah/marketplace_dj/venv/lib/python3.10/site-packages/django/core/handlers/base.py", line 197, in _get_response
    response = wrapped_callback(request, *callback_args, **callback_kwargs)
  File "/home/lindah/marketplace_dj/puddle/core/views.py", line 43, in home
    return render(request, 'core/home.html', context)
  File "/home/lindah/marketplace_dj/venv/lib/python3.10/site-packages/django/shortcuts.py", line 25, in render
    content = loader.render_to_string(template_name, context, request, using=using)
  File "/home/lindah/marketplace_dj/venv/lib/python3.10/site-packages/django/template/loader.py", line 61, in render_to_string
    template = get_template(template_name, using=using)
  File "/home/lindah/marketplace_dj/venv/lib/python3.10/site-packages/django/template/loader.py", line 15, in get_template
    return engine.get_template(template_name)
  File "/home/lindah/marketplace_dj/venv/lib/python3.10/site-packages/django/template/backends/django.py", line 33, in get_template
    return Template(self.engine.get_template(template_name), self)
  File "/home/lindah/marketplace_dj/venv/lib/python3.10/site-packages/django/template/engine.py", line 177, in get_template
    template, origin = self.find_template(template_name)
  File "/home/lindah/marketplace_dj/venv/lib/python3.10/site-packages/django/template/engine.py", line 159, in find_template
    template = loader.get_template(name, skip=skip)
  File "/home/lindah/marketplace_dj/venv/lib/python3.10/site-packages/django/template/loaders/cached.py", line 57, in get_template
    template = super().get_template(template_name, skip)
  File "/home/lindah/marketplace_dj/venv/lib/python3.10/site-packages/django/template/loaders/base.py", line 28, in get_template
    return Template(
  File "/home/lindah/marketplace_dj/venv/lib/python3.10/site-packages/django/template/base.py", line 154, in __init__
    self.nodelist = self.compile_nodelist()
  File "/home/lindah/marketplace_dj/venv/lib/python3.10/site-packages/django/template/base.py", line 196, in compile_nodelist
    return parser.parse()
  File "/home/lindah/marketplace_dj/venv/lib/python3.10/site-packages/django/template/base.py", line 510, in parse
    raise self.error(token, e)
  File "/home/lindah/marketplace_dj/venv/lib/python3.10/site-packages/django/template/base.py", line 508, in parse
    compiled_result = compile_func(self, token)
  File "/home/lindah/marketplace_dj/venv/lib/python3.10/site-packages/django/template/loader_tags.py", line 295, in do_extends
    nodelist = parser.parse()
  File "/home/lindah/marketplace_dj/venv/lib/python3.10/site-packages/django/template/base.py", line 510, in parse
    raise self.error(token, e)
  File "/home/lindah/marketplace_dj/venv/lib/python3.10/site-packages/django/template/base.py", line 508, in parse
    compiled_result = compile_func(self, token)
  File "/home/lindah/marketplace_dj/venv/lib/python3.10/site-packages/django/template/loader_tags.py", line 234, in do_block
    nodelist = parser.parse(("endblock",))
  File "/home/lindah/marketplace_dj/venv/lib/python3.10/site-packages/django/template/base.py", line 504, in parse
    self.invalid_block_tag(token, command, parse_until)
  File "/home/lindah/marketplace_dj/venv/lib/python3.10/site-packages/django/template/base.py", line 555, in invalid_block_tag
    raise self.error(
django.template.exceptions.TemplateSyntaxError: Invalid block tag on line 12: 'raw', expected 'endblock'. Did you forget to register or load this tag?
ERROR 2025-03-31 13:07:07,545 basehttp 27144 139640862406208 "GET / HTTP/1.1" 500 197269
ERROR 2025-03-31 13:07:12,630 log 27144 139640852964928 Internal Server Error: /
Traceback (most recent call last):
  File "/home/lindah/marketplace_dj/venv/lib/python3.10/site-packages/django/template/base.py", line 502, in parse
    compile_func = self.tags[command]
KeyError: 'raw'

During handling of the above exception, another exception occurred:

Traceback (most recent call last):
  File "/home/lindah/marketplace_dj/venv/lib/python3.10/site-packages/django/core/handlers/exception.py", line 55, in inner
    response = get_response(request)
  File "/home/lindah/marketplace_dj/venv/lib/python3.10/site-packages/django/core/handlers/base.py", line 197, in _get_response
    response = wrapped_callback(request, *callback_args, **callback_kwargs)
  File "/home/lindah/marketplace_dj/puddle/core/views.py", line 43, in home
    return render(request, 'core/home.html', context)
  File "/home/lindah/marketplace_dj/venv/lib/python3.10/site-packages/django/shortcuts.py", line 25, in render
    content = loader.render_to_string(template_name, context, request, using=using)
  File "/home/lindah/marketplace_dj/venv/lib/python3.10/site-packages/django/template/loader.py", line 61, in render_to_string
    template = get_template(template_name, using=using)
  File "/home/lindah/marketplace_dj/venv/lib/python3.10/site-packages/django/template/loader.py", line 15, in get_template
    return engine.get_template(template_name)
  File "/home/lindah/marketplace_dj/venv/lib/python3.10/site-packages/django/template/backends/django.py", line 33, in get_template
    return Template(self.engine.get_template(template_name), self)
  File "/home/lindah/marketplace_dj/venv/lib/python3.10/site-packages/django/template/engine.py", line 177, in get_template
    template, origin = self.find_template(template_name)
  File "/home/lindah/marketplace_dj/venv/lib/python3.10/site-packages/django/template/engine.py", line 159, in find_template
    template = loader.get_template(name, skip=skip)
  File "/home/lindah/marketplace_dj/venv/lib/python3.10/site-packages/django/template/loaders/cached.py", line 57, in get_template
    template = super().get_template(template_name, skip)
  File "/home/lindah/marketplace_dj/venv/lib/python3.10/site-packages/django/template/loaders/base.py", line 28, in get_template
    return Template(
  File "/home/lindah/marketplace_dj/venv/lib/python3.10/site-packages/django/template/base.py", line 154, in __init__
    self.nodelist = self.compile_nodelist()
  File "/home/lindah/marketplace_dj/venv/lib/python3.10/site-packages/django/template/base.py", line 196, in compile_nodelist
    return parser.parse()
  File "/home/lindah/marketplace_dj/venv/lib/python3.10/site-packages/django/template/base.py", line 510, in parse
    raise self.error(token, e)
  File "/home/lindah/marketplace_dj/venv/lib/python3.10/site-packages/django/template/base.py", line 508, in parse
    compiled_result = compile_func(self, token)
  File "/home/lindah/marketplace_dj/venv/lib/python3.10/site-packages/django/template/loader_tags.py", line 295, in do_extends
    nodelist = parser.parse()
  File "/home/lindah/marketplace_dj/venv/lib/python3.10/site-packages/django/template/base.py", line 510, in parse
    raise self.error(token, e)
  File "/home/lindah/marketplace_dj/venv/lib/python3.10/site-packages/django/template/base.py", line 508, in parse
    compiled_result = compile_func(self, token)
  File "/home/lindah/marketplace_dj/venv/lib/python3.10/site-packages/django/template/loader_tags.py", line 234, in do_block
    nodelist = parser.parse(("endblock",))
  File "/home/lindah/marketplace_dj/venv/lib/python3.10/site-packages/django/template/base.py", line 504, in parse
    self.invalid_block_tag(token, command, parse_until)
  File "/home/lindah/marketplace_dj/venv/lib/python3.10/site-packages/django/template/base.py", line 555, in invalid_block_tag
    raise self.error(
django.template.exceptions.TemplateSyntaxError: Invalid block tag on line 12: 'raw', expected 'endblock'. Did you forget to register or load this tag?
ERROR 2025-03-31 13:07:12,631 basehttp 27144 139640852964928 "GET / HTTP/1.1" 500 197269
ERROR 2025-03-31 13:07:15,689 log 27144 139640862406208 Internal Server Error: /
Traceback (most recent call last):
  File "/home/lindah/marketplace_dj/venv/lib/python3.10/site-packages/django/template/base.py", line 502, in parse
    compile_func = self.tags[command]
KeyError: 'raw'

During handling of the above exception, another exception occurred:

Traceback (most recent call last):
  File "/home/lindah/marketplace_dj/venv/lib/python3.10/site-packages/django/core/handlers/exception.py", line 55, in inner
    response = get_response(request)
  File "/home/lindah/marketplace_dj/venv/lib/python3.10/site-packages/django/core/handlers/base.py", line 197, in _get_response
    response = wrapped_callback(request, *callback_args, **callback_kwargs)
  File "/home/lindah/marketplace_dj/puddle/core/views.py", line 43, in home
    return render(request, 'core/home.html', context)
  File "/home/lindah/marketplace_dj/venv/lib/python3.10/site-packages/django/shortcuts.py", line 25, in render
    content = loader.render_to_string(template_name, context, request, using=using)
  File "/home/lindah/marketplace_dj/venv/lib/python3.10/site-packages/django/template/loader.py", line 61, in render_to_string
    template = get_template(template_name, using=using)
  File "/home/lindah/marketplace_dj/venv/lib/python3.10/site-packages/django/template/loader.py", line 15, in get_template
    return engine.get_template(template_name)
  File "/home/lindah/marketplace_dj/venv/lib/python3.10/site-packages/django/template/backends/django.py", line 33, in get_template
    return Template(self.engine.get_template(template_name), self)
  File "/home/lindah/marketplace_dj/venv/lib/python3.10/site-packages/django/template/engine.py", line 177, in get_template
    template, origin = self.find_template(template_name)
  File "/home/lindah/marketplace_dj/venv/lib/python3.10/site-packages/django/template/engine.py", line 159, in find_template
    template = loader.get_template(name, skip=skip)
  File "/home/lindah/marketplace_dj/venv/lib/python3.10/site-packages/django/template/loaders/cached.py", line 57, in get_template
    template = super().get_template(template_name, skip)
  File "/home/lindah/marketplace_dj/venv/lib/python3.10/site-packages/django/template/loaders/base.py", line 28, in get_template
    return Template(
  File "/home/lindah/marketplace_dj/venv/lib/python3.10/site-packages/django/template/base.py", line 154, in __init__
    self.nodelist = self.compile_nodelist()
  File "/home/lindah/marketplace_dj/venv/lib/python3.10/site-packages/django/template/base.py", line 196, in compile_nodelist
    return parser.parse()
  File "/home/lindah/marketplace_dj/venv/lib/python3.10/site-packages/django/template/base.py", line 510, in parse
    raise self.error(token, e)
  File "/home/lindah/marketplace_dj/venv/lib/python3.10/site-packages/django/template/base.py", line 508, in parse
    compiled_result = compile_func(self, token)
  File "/home/lindah/marketplace_dj/venv/lib/python3.10/site-packages/django/template/loader_tags.py", line 295, in do_extends
    nodelist = parser.parse()
  File "/home/lindah/marketplace_dj/venv/lib/python3.10/site-packages/django/template/base.py", line 510, in parse
    raise self.error(token, e)
  File "/home/lindah/marketplace_dj/venv/lib/python3.10/site-packages/django/template/base.py", line 508, in parse
    compiled_result = compile_func(self, token)
  File "/home/lindah/marketplace_dj/venv/lib/python3.10/site-packages/django/template/loader_tags.py", line 234, in do_block
    nodelist = parser.parse(("endblock",))
  File "/home/lindah/marketplace_dj/venv/lib/python3.10/site-packages/django/template/base.py", line 504, in parse
    self.invalid_block_tag(token, command, parse_until)
  File "/home/lindah/marketplace_dj/venv/lib/python3.10/site-packages/django/template/base.py", line 555, in invalid_block_tag
    raise self.error(
django.template.exceptions.TemplateSyntaxError: Invalid block tag on line 12: 'raw', expected 'endblock'. Did you forget to register or load this tag?
ERROR 2025-03-31 13:07:15,693 basehttp 27144 139640862406208 "GET / HTTP/1.1" 500 197269
ERROR 2025-03-31 13:07:23,863 log 27466 140600543274560 Internal Server Error: /
Traceback (most recent call last):
  File "/home/lindah/marketplace_dj/venv/lib/python3.10/site-packages/django/template/base.py", line 502, in parse
    compile_func = self.tags[command]
KeyError: 'raw'

During handling of the above exception, another exception occurred:

Traceback (most recent call last):
  File "/home/lindah/marketplace_dj/venv/lib/python3.10/site-packages/django/core/handlers/exception.py", line 55, in inner
    response = get_response(request)
  File "/home/lindah/marketplace_dj/venv/lib/python3.10/site-packages/django/core/handlers/base.py", line 197, in _get_response
    response = wrapped_callback(request, *callback_args, **callback_kwargs)
  File "/home/lindah/marketplace_dj/puddle/core/views.py", line 43, in home
    return render(request, 'core/home.html', context)
  File "/home/lindah/marketplace_dj/venv/lib/python3.10/site-packages/django/shortcuts.py", line 25, in render
    content = loader.render_to_string(template_name, context, request, using=using)
  File "/home/lindah/marketplace_dj/venv/lib/python3.10/site-packages/django/template/loader.py", line 61, in render_to_string
    template = get_template(template_name, using=using)
  File "/home/lindah/marketplace_dj/venv/lib/python3.10/site-packages/django/template/loader.py", line 15, in get_template
    return engine.get_template(template_name)
  File "/home/lindah/marketplace_dj/venv/lib/python3.10/site-packages/django/template/backends/django.py", line 33, in get_template
    return Template(self.engine.get_template(template_name), self)
  File "/home/lindah/marketplace_dj/venv/lib/python3.10/site-packages/django/template/engine.py", line 177, in get_template
    template, origin = self.find_template(template_name)
  File "/home/lindah/marketplace_dj/venv/lib/python3.10/site-packages/django/template/engine.py", line 159, in find_template
    template = loader.get_template(name, skip=skip)
  File "/home/lindah/marketplace_dj/venv/lib/python3.10/site-packages/django/template/loaders/cached.py", line 57, in get_template
    template = super().get_template(template_name, skip)
  File "/home/lindah/marketplace_dj/venv/lib/python3.10/site-packages/django/template/loaders/base.py", line 28, in get_template
    return Template(
  File "/home/lindah/marketplace_dj/venv/lib/python3.10/site-packages/django/template/base.py", line 154, in __init__
    self.nodelist = self.compile_nodelist()
  File "/home/lindah/marketplace_dj/venv/lib/python3.10/site-packages/django/template/base.py", line 196, in compile_nodelist
    return parser.parse()
  File "/home/lindah/marketplace_dj/venv/lib/python3.10/site-packages/django/template/base.py", line 510, in parse
    raise self.error(token, e)
  File "/home/lindah/marketplace_dj/venv/lib/python3.10/site-packages/django/template/base.py", line 508, in parse
    compiled_result = compile_func(self, token)
  File "/home/lindah/marketplace_dj/venv/lib/python3.10/site-packages/django/template/loader_tags.py", line 295, in do_extends
    nodelist = parser.parse()
  File "/home/lindah/marketplace_dj/venv/lib/python3.10/site-packages/django/template/base.py", line 510, in parse
    raise self.error(token, e)
  File "/home/lindah/marketplace_dj/venv/lib/python3.10/site-packages/django/template/base.py", line 508, in parse
    compiled_result = compile_func(self, token)
  File "/home/lindah/marketplace_dj/venv/lib/python3.10/site-packages/django/template/loader_tags.py", line 234, in do_block
    nodelist = parser.parse(("endblock",))
  File "/home/lindah/marketplace_dj/venv/lib/python3.10/site-packages/django/template/base.py", line 504, in parse
    self.invalid_block_tag(token, command, parse_until)
  File "/home/lindah/marketplace_dj/venv/lib/python3.10/site-packages/django/template/base.py", line 555, in invalid_block_tag
    raise self.error(
django.template.exceptions.TemplateSyntaxError: Invalid block tag on line 12: 'raw', expected 'endblock'. Did you forget to register or load this tag?
ERROR 2025-03-31 13:07:23,877 basehttp 27466 140600543274560 "GET / HTTP/1.1" 500 197269
